[0.019s] Invoking command in '/home/sitong/RWR_ros2_ws/src/rwr_system/build/hand_control': PS1=(RWR_ros_venv) \[\e]0;\u@\h: \w\a\]${debian_chroot:+($debian_chroot)}\[\033[01;32m\]\u@\h\[\033[00m\]:\[\033[01;34m\]\w\[\033[00m\]\$ VIRTUAL_ENV_PROMPT=(RWR_ros_venv) /usr/bin/cmake /home/sitong/RWR_ros2_ws/src/rwr_system/src/hand_control -DCMAKE_INSTALL_PREFIX=/home/sitong/RWR_ros2_ws/src/rwr_system/install/hand_control
[0.088s] -- The C compiler identification is GNU 11.4.0
[0.159s] -- The CXX compiler identification is GNU 11.4.0
[0.169s] -- Detecting C compiler ABI info
[0.263s] -- Detecting C compiler ABI info - done
[0.272s] -- Check for working C compiler: /usr/bin/cc - skipped
[0.272s] -- Detecting C compile features
[0.272s] -- Detecting C compile features - done
[0.276s] -- Detecting CXX compiler ABI info
[0.389s] -- Detecting CXX compiler ABI info - done
[0.397s] -- Check for working CXX compiler: /usr/bin/c++ - skipped
[0.397s] -- Detecting CXX compile features
[0.398s] -- Detecting CXX compile features - done
[0.413s] [31mCMake Error at CMakeLists.txt:12 (find_package):
[0.413s]   By not providing "Findrclpy.cmake" in CMAKE_MODULE_PATH this project has
[0.413s]   asked CMake to find a package configuration file provided by "rclpy", but
[0.413s]   CMake did not find one.
[0.413s] 
[0.413s]   Could not find a package configuration file provided by "rclpy" with any of
[0.413s]   the following names:
[0.413s] 
[0.413s]     rclpyConfig.cmake
[0.413s]     rclpy-config.cmake
[0.413s] 
[0.413s]   Add the installation prefix of "rclpy" to CMAKE_PREFIX_PATH or set
[0.413s]   "rclpy_DIR" to a directory containing one of the above files.  If "rclpy"
[0.413s]   provides a separate development package or SDK, be sure it has been
[0.414s]   installed.
[0.414s] 
[0.414s] [0m
[0.418s] -- Configuring incomplete, errors occurred!
[0.419s] See also "/home/sitong/RWR_ros2_ws/src/rwr_system/build/hand_control/CMakeFiles/CMakeOutput.log".
[0.422s] Invoked command in '/home/sitong/RWR_ros2_ws/src/rwr_system/build/hand_control' returned '1': PS1=(RWR_ros_venv) \[\e]0;\u@\h: \w\a\]${debian_chroot:+($debian_chroot)}\[\033[01;32m\]\u@\h\[\033[00m\]:\[\033[01;34m\]\w\[\033[00m\]\$ VIRTUAL_ENV_PROMPT=(RWR_ros_venv) /usr/bin/cmake /home/sitong/RWR_ros2_ws/src/rwr_system/src/hand_control -DCMAKE_INSTALL_PREFIX=/home/sitong/RWR_ros2_ws/src/rwr_system/install/hand_control
