[0.021s] Invoking command in '/home/sitong/RWR_ros2_ws/src/rwr_system/build/ingress': PS1=(RWR_ros_venv) \[\e]0;\u@\h: \w\a\]${debian_chroot:+($debian_chroot)}\[\033[01;32m\]\u@\h\[\033[00m\]:\[\033[01;34m\]\w\[\033[00m\]\$ VIRTUAL_ENV_PROMPT=(RWR_ros_venv) /usr/bin/cmake /home/sitong/RWR_ros2_ws/src/rwr_system/src/ingress -DCMAKE_INSTALL_PREFIX=/home/sitong/RWR_ros2_ws/src/rwr_system/install/ingress
[0.087s] -- The C compiler identification is GNU 11.4.0
[0.157s] -- The CXX compiler identification is GNU 11.4.0
[0.166s] -- Detecting C compiler ABI info
[0.261s] -- Detecting C compiler ABI info - done
[0.270s] -- Check for working C compiler: /usr/bin/cc - skipped
[0.270s] -- Detecting C compile features
[0.270s] -- Detecting C compile features - done
[0.274s] -- Detecting CXX compiler ABI info
[0.385s] -- Detecting CXX compiler ABI info - done
[0.394s] -- Check for working CXX compiler: /usr/bin/c++ - skipped
[0.394s] -- Detecting CXX compile features
[0.395s] -- Detecting CXX compile features - done
[0.407s] [31mCMake Error at CMakeLists.txt:12 (find_package):
[0.408s]   By not providing "Findrclpy.cmake" in CMAKE_MODULE_PATH this project has
[0.408s]   asked CMake to find a package configuration file provided by "rclpy", but
[0.408s]   CMake did not find one.
[0.408s] 
[0.408s]   Could not find a package configuration file provided by "rclpy" with any of
[0.408s]   the following names:
[0.408s] 
[0.408s]     rclpyConfig.cmake
[0.408s]     rclpy-config.cmake
[0.408s] 
[0.408s]   Add the installation prefix of "rclpy" to CMAKE_PREFIX_PATH or set
[0.409s]   "rclpy_DIR" to a directory containing one of the above files.  If "rclpy"
[0.409s]   provides a separate development package or SDK, be sure it has been
[0.409s]   installed.
[0.409s] 
[0.409s] [0m
[0.409s] -- Configuring incomplete, errors occurred!
[0.409s] See also "/home/sitong/RWR_ros2_ws/src/rwr_system/build/ingress/CMakeFiles/CMakeOutput.log".
[0.419s] Invoked command in '/home/sitong/RWR_ros2_ws/src/rwr_system/build/ingress' returned '1': PS1=(RWR_ros_venv) \[\e]0;\u@\h: \w\a\]${debian_chroot:+($debian_chroot)}\[\033[01;32m\]\u@\h\[\033[00m\]:\[\033[01;34m\]\w\[\033[00m\]\$ VIRTUAL_ENV_PROMPT=(RWR_ros_venv) /usr/bin/cmake /home/sitong/RWR_ros2_ws/src/rwr_system/src/ingress -DCMAKE_INSTALL_PREFIX=/home/sitong/RWR_ros2_ws/src/rwr_system/install/ingress
