[0.035s] Invoking command in '/home/sitong/RWR_ros2_ws/src/rwr_system/build/viz': PS1=(RWR_ros_venv) \[\e]0;\u@\h: \w\a\]${debian_chroot:+($debian_chroot)}\[\033[01;32m\]\u@\h\[\033[00m\]:\[\033[01;34m\]\w\[\033[00m\]\$ VIRTUAL_ENV_PROMPT=(RWR_ros_venv) /usr/bin/cmake /home/sitong/RWR_ros2_ws/src/rwr_system/src/viz -DCMAKE_INSTALL_PREFIX=/home/sitong/RWR_ros2_ws/src/rwr_system/install/viz
[0.062s] -- Configuring incomplete, errors occurred!
[0.063s] See also "/home/sitong/RWR_ros2_ws/src/rwr_system/build/viz/CMakeFiles/CMakeOutput.log".
[0.063s] [31mCMake Error at CMakeLists.txt:9 (find_package):
[0.064s]   By not providing "Findament_cmake.cmake" in CMAKE_MODULE_PATH this project
[0.064s]   has asked CMake to find a package configuration file provided by
[0.064s]   "ament_cmake", but CMake did not find one.
[0.065s] 
[0.066s]   Could not find a package configuration file provided by "ament_cmake" with
[0.066s]   any of the following names:
[0.067s] 
[0.067s]     ament_cmakeConfig.cmake
[0.067s]     ament_cmake-config.cmake
[0.067s] 
[0.068s]   Add the installation prefix of "ament_cmake" to CMAKE_PREFIX_PATH or set
[0.068s]   "ament_cmake_DIR" to a directory containing one of the above files.  If
[0.068s]   "ament_cmake" provides a separate development package or SDK, be sure it
[0.068s]   has been installed.
[0.068s] 
[0.068s] [0m
