[0.018s] Invoking command in '/home/sitong/RWR_ros2_ws/src/rwr_system/build/ingress': /usr/bin/cmake /home/sitong/RWR_ros2_ws/src/rwr_system/src/ingress -DCMAKE_INSTALL_PREFIX=/home/sitong/RWR_ros2_ws/src/rwr_system/install/ingress
[0.083s] -- The C compiler identification is GNU 11.4.0
[0.150s] -- The CXX compiler identification is GNU 11.4.0
[0.158s] -- Detecting C compiler ABI info
[0.240s] -- Detecting C compiler ABI info - done
[0.248s] -- Check for working C compiler: /usr/bin/cc - skipped
[0.248s] -- Detecting C compile features
[0.248s] -- Detecting C compile features - done
[0.251s] -- Detecting CXX compiler ABI info
[0.344s] -- Detecting CXX compiler ABI info - done
[0.352s] -- Check for working CXX compiler: /usr/bin/c++ - skipped
[0.352s] -- Detecting CXX compile features
[0.353s] -- Detecting CXX compile features - done
[0.376s] [31mCMake Error at CMakeLists.txt:12 (find_package):
[0.376s]   By not providing "Findrclpy.cmake" in CMAKE_MODULE_PATH this project has
[0.376s]   asked CMake to find a package configuration file provided by "rclpy", but
[0.376s]   CMake did not find one.
[0.376s] 
[0.376s]   Could not find a package configuration file provided by "rclpy" with any of
[0.377s]   the following names:
[0.377s] 
[0.377s]     rclpyConfig.cmake
[0.377s]     rclpy-config.cmake
[0.377s] 
[0.377s]   Add the installation prefix of "rclpy" to CMAKE_PREFIX_PATH or set
[0.378s]   "rclpy_DIR" to a directory containing one of the above files.  If "rclpy"
[0.378s]   provides a separate development package or SDK, be sure it has been
[0.378s]   installed.
[0.378s] 
[0.378s] [0m
[0.378s] -- Configuring incomplete, errors occurred!
[0.378s] See also "/home/sitong/RWR_ros2_ws/src/rwr_system/build/ingress/CMakeFiles/CMakeOutput.log".
[0.385s] Invoked command in '/home/sitong/RWR_ros2_ws/src/rwr_system/build/ingress' returned '1': /usr/bin/cmake /home/sitong/RWR_ros2_ws/src/rwr_system/src/ingress -DCMAKE_INSTALL_PREFIX=/home/sitong/RWR_ros2_ws/src/rwr_system/install/ingress
