[0.017s] Invoking command in '/home/sitong/RWR_ros2_ws/src/rwr_system/build/hand_control': /usr/bin/cmake /home/sitong/RWR_ros2_ws/src/rwr_system/src/hand_control -DCMAKE_INSTALL_PREFIX=/home/sitong/RWR_ros2_ws/src/rwr_system/install/hand_control
[0.085s] -- The C compiler identification is GNU 11.4.0
[0.152s] -- The CXX compiler identification is GNU 11.4.0
[0.160s] -- Detecting C compiler ABI info
[0.242s] -- Detecting C compiler ABI info - done
[0.249s] -- Check for working C compiler: /usr/bin/cc - skipped
[0.250s] -- Detecting C compile features
[0.250s] -- Detecting C compile features - done
[0.253s] -- Detecting CXX compiler ABI info
[0.346s] -- Detecting CXX compiler ABI info - done
[0.355s] -- Check for working CXX compiler: /usr/bin/c++ - skipped
[0.356s] -- Detecting CXX compile features
[0.356s] -- Detecting CXX compile features - done
[0.375s] [31mCMake Error at CMakeLists.txt:12 (find_package):
[0.375s]   By not providing "Findrclpy.cmake" in CMAKE_MODULE_PATH this project has
[0.375s]   asked CMake to find a package configuration file provided by "rclpy", but
[0.376s]   CMake did not find one.
[0.376s] 
[0.376s]   Could not find a package configuration file provided by "rclpy" with any of
[0.376s]   the following names:
[0.376s] 
[0.376s]     rclpyConfig.cmake
[0.376s]     rclpy-config.cmake
[0.376s] 
[0.377s]   Add the installation prefix of "rclpy" to CMAKE_PREFIX_PATH or set
[0.377s]   "rclpy_DIR" to a directory containing one of the above files.  If "rclpy"
[0.377s]   provides a separate development package or SDK, be sure it has been
[0.377s]   installed.
[0.377s] 
[0.377s] [0m
[0.377s] -- Configuring incomplete, errors occurred!
[0.377s] See also "/home/sitong/RWR_ros2_ws/src/rwr_system/build/hand_control/CMakeFiles/CMakeOutput.log".
[0.384s] Invoked command in '/home/sitong/RWR_ros2_ws/src/rwr_system/build/hand_control' returned '1': /usr/bin/cmake /home/sitong/RWR_ros2_ws/src/rwr_system/src/hand_control -DCMAKE_INSTALL_PREFIX=/home/sitong/RWR_ros2_ws/src/rwr_system/install/hand_control
