[0.022s] Invoking command in '/home/sitong/RWR_ros2_ws/src/rwr_system/build/experiments': PS1=(RWR_ros_venv) \[\e]0;\u@\h: \w\a\]${debian_chroot:+($debian_chroot)}\[\033[01;32m\]\u@\h\[\033[00m\]:\[\033[01;34m\]\w\[\033[00m\]\$ VIRTUAL_ENV_PROMPT=(RWR_ros_venv) /usr/bin/cmake /home/sitong/RWR_ros2_ws/src/rwr_system/experiments -DCMAKE_INSTALL_PREFIX=/home/sitong/RWR_ros2_ws/src/rwr_system/install/experiments
[0.077s] -- Configuring incomplete, errors occurred!
[0.077s] See also "/home/sitong/RWR_ros2_ws/src/rwr_system/build/experiments/CMakeFiles/CMakeOutput.log".
[0.077s] [31mCMake Error at CMakeLists.txt:9 (find_package):
[0.078s]   By not providing "Findament_cmake.cmake" in CMAKE_MODULE_PATH this project
[0.078s]   has asked CMake to find a package configuration file provided by
[0.079s]   "ament_cmake", but CMake did not find one.
[0.079s] 
[0.080s]   Could not find a package configuration file provided by "ament_cmake" with
[0.081s]   any of the following names:
[0.081s] 
[0.081s]     ament_cmakeConfig.cmake
[0.081s]     ament_cmake-config.cmake
[0.081s] 
[0.081s]   Add the installation prefix of "ament_cmake" to CMAKE_PREFIX_PATH or set
[0.081s]   "ament_cmake_DIR" to a directory containing one of the above files.  If
[0.081s]   "ament_cmake" provides a separate development package or SDK, be sure it
[0.081s]   has been installed.
[0.081s] 
[0.081s] [0m
[0.093s] Invoked command in '/home/sitong/RWR_ros2_ws/src/rwr_system/build/experiments' returned '1': PS1=(RWR_ros_venv) \[\e]0;\u@\h: \w\a\]${debian_chroot:+($debian_chroot)}\[\033[01;32m\]\u@\h\[\033[00m\]:\[\033[01;34m\]\w\[\033[00m\]\$ VIRTUAL_ENV_PROMPT=(RWR_ros_venv) /usr/bin/cmake /home/sitong/RWR_ros2_ws/src/rwr_system/experiments -DCMAKE_INSTALL_PREFIX=/home/sitong/RWR_ros2_ws/src/rwr_system/install/experiments
