[0.020s] Invoking command in '/home/sitong/RWR_ros2_ws/src/rwr_system/build/logger': CMAKE_PREFIX_PATH=/opt/ros/humble PS1=(RWR_ros_venv) \[\e]0;\u@\h: \w\a\]${debian_chroot:+($debian_chroot)}\[\033[01;32m\]\u@\h\[\033[00m\]:\[\033[01;34m\]\w\[\033[00m\]\$ VIRTUAL_ENV_PROMPT=(RWR_ros_venv) /usr/bin/cmake /home/sitong/RWR_ros2_ws/src/rwr_system/src/logger -DCMAKE_INSTALL_PREFIX=/home/sitong/RWR_ros2_ws/src/rwr_system/install/logger
[0.235s] -- Found rclpy: 3.3.16 (/opt/ros/humble/share/rclpy/cmake)
[0.235s] -- Found std_msgs: 4.8.0 (/opt/ros/humble/share/std_msgs/cmake)
[0.235s] -- Found Python3: /home/sitong/Virtual_environments/RWR_ros_venv/bin/python3 (found version "3.10.12") found components: Interpreter 
[0.294s] -- Found rosidl_generator_c: 3.1.6 (/opt/ros/humble/share/rosidl_generator_c/cmake)
[0.298s] -- Found rosidl_adapter: 3.1.6 (/opt/ros/humble/share/rosidl_adapter/cmake)
[0.307s] -- Found rosidl_generator_cpp: 3.1.6 (/opt/ros/humble/share/rosidl_generator_cpp/cmake)
[0.320s] -- Using all available rosidl_typesupport_c: rosidl_typesupport_fastrtps_c;rosidl_typesupport_introspection_c
[0.336s] -- Using all available rosidl_typesupport_cpp: rosidl_typesupport_fastrtps_cpp;rosidl_typesupport_introspection_cpp
[0.361s] -- Found sensor_msgs: 4.8.0 (/opt/ros/humble/share/sensor_msgs/cmake)
[0.394s] -- Found tf2_eigen: 0.25.12 (/opt/ros/humble/share/tf2_eigen/cmake)
[0.504s] -- Found rmw_implementation_cmake: 6.1.2 (/opt/ros/humble/share/rmw_implementation_cmake/cmake)
[0.507s] -- Found rmw_fastrtps_cpp: 6.2.7 (/opt/ros/humble/share/rmw_fastrtps_cpp/cmake)
[0.608s] -- Found OpenSSL: /usr/lib/x86_64-linux-gnu/libcrypto.so (found version "3.0.2")  
[0.633s] -- Found FastRTPS: /opt/ros/humble/include  
[0.671s] -- Using RMW implementation 'rmw_fastrtps_cpp' as default
[0.683s] -- Looking for pthread.h
[0.775s] -- Looking for pthread.h - found
[0.775s] -- Performing Test CMAKE_HAVE_LIBC_PTHREAD
[0.849s] -- Performing Test CMAKE_HAVE_LIBC_PTHREAD - Success
[0.851s] -- Found Threads: TRUE  
[1.023s] -- Configuring done
[1.026s] -- Generating done
[1.028s] -- Build files have been written to: /home/sitong/RWR_ros2_ws/src/rwr_system/build/logger
[1.038s] Invoked command in '/home/sitong/RWR_ros2_ws/src/rwr_system/build/logger' returned '0': CMAKE_PREFIX_PATH=/opt/ros/humble PS1=(RWR_ros_venv) \[\e]0;\u@\h: \w\a\]${debian_chroot:+($debian_chroot)}\[\033[01;32m\]\u@\h\[\033[00m\]:\[\033[01;34m\]\w\[\033[00m\]\$ VIRTUAL_ENV_PROMPT=(RWR_ros_venv) /usr/bin/cmake /home/sitong/RWR_ros2_ws/src/rwr_system/src/logger -DCMAKE_INSTALL_PREFIX=/home/sitong/RWR_ros2_ws/src/rwr_system/install/logger
[1.039s] Invoking command in '/home/sitong/RWR_ros2_ws/src/rwr_system/build/logger': CMAKE_PREFIX_PATH=/opt/ros/humble PS1=(RWR_ros_venv) \[\e]0;\u@\h: \w\a\]${debian_chroot:+($debian_chroot)}\[\033[01;32m\]\u@\h\[\033[00m\]:\[\033[01;34m\]\w\[\033[00m\]\$ VIRTUAL_ENV_PROMPT=(RWR_ros_venv) /usr/bin/cmake --build /home/sitong/RWR_ros2_ws/src/rwr_system/build/logger -- -j16 -l16
[1.079s] Invoked command in '/home/sitong/RWR_ros2_ws/src/rwr_system/build/logger' returned '0': CMAKE_PREFIX_PATH=/opt/ros/humble PS1=(RWR_ros_venv) \[\e]0;\u@\h: \w\a\]${debian_chroot:+($debian_chroot)}\[\033[01;32m\]\u@\h\[\033[00m\]:\[\033[01;34m\]\w\[\033[00m\]\$ VIRTUAL_ENV_PROMPT=(RWR_ros_venv) /usr/bin/cmake --build /home/sitong/RWR_ros2_ws/src/rwr_system/build/logger -- -j16 -l16
[1.100s] Invoking command in '/home/sitong/RWR_ros2_ws/src/rwr_system/build/logger': CMAKE_PREFIX_PATH=/opt/ros/humble PS1=(RWR_ros_venv) \[\e]0;\u@\h: \w\a\]${debian_chroot:+($debian_chroot)}\[\033[01;32m\]\u@\h\[\033[00m\]:\[\033[01;34m\]\w\[\033[00m\]\$ VIRTUAL_ENV_PROMPT=(RWR_ros_venv) /usr/bin/cmake --install /home/sitong/RWR_ros2_ws/src/rwr_system/build/logger
[1.107s] -- Install configuration: ""
[1.108s] -- Installing: /home/sitong/RWR_ros2_ws/src/rwr_system/install/logger/lib/logger/logger_node.py
[1.108s] -- Installing: /home/sitong/RWR_ros2_ws/src/rwr_system/install/logger/lib/logger/bag2h5_converter.py
[1.108s] -- Installing: /home/sitong/RWR_ros2_ws/src/rwr_system/install/logger/lib/logger/syncronize_data.py
[1.109s] -- Installing: /home/sitong/RWR_ros2_ws/src/rwr_system/install/logger/share/ament_index/resource_index/package_run_dependencies/logger
[1.109s] -- Installing: /home/sitong/RWR_ros2_ws/src/rwr_system/install/logger/share/ament_index/resource_index/parent_prefix_path/logger
[1.109s] -- Installing: /home/sitong/RWR_ros2_ws/src/rwr_system/install/logger/share/logger/environment/ament_prefix_path.sh
[1.109s] -- Installing: /home/sitong/RWR_ros2_ws/src/rwr_system/install/logger/share/logger/environment/ament_prefix_path.dsv
[1.109s] -- Installing: /home/sitong/RWR_ros2_ws/src/rwr_system/install/logger/share/logger/environment/path.sh
[1.109s] -- Installing: /home/sitong/RWR_ros2_ws/src/rwr_system/install/logger/share/logger/environment/path.dsv
[1.109s] -- Installing: /home/sitong/RWR_ros2_ws/src/rwr_system/install/logger/share/logger/local_setup.bash
[1.110s] -- Installing: /home/sitong/RWR_ros2_ws/src/rwr_system/install/logger/share/logger/local_setup.sh
[1.110s] -- Installing: /home/sitong/RWR_ros2_ws/src/rwr_system/install/logger/share/logger/local_setup.zsh
[1.110s] -- Installing: /home/sitong/RWR_ros2_ws/src/rwr_system/install/logger/share/logger/local_setup.dsv
[1.110s] -- Installing: /home/sitong/RWR_ros2_ws/src/rwr_system/install/logger/share/logger/package.dsv
[1.110s] -- Installing: /home/sitong/RWR_ros2_ws/src/rwr_system/install/logger/share/ament_index/resource_index/packages/logger
[1.111s] -- Installing: /home/sitong/RWR_ros2_ws/src/rwr_system/install/logger/share/logger/cmake/loggerConfig.cmake
[1.111s] -- Installing: /home/sitong/RWR_ros2_ws/src/rwr_system/install/logger/share/logger/cmake/loggerConfig-version.cmake
[1.111s] -- Installing: /home/sitong/RWR_ros2_ws/src/rwr_system/install/logger/share/logger/package.xml
[1.119s] Invoked command in '/home/sitong/RWR_ros2_ws/src/rwr_system/build/logger' returned '0': CMAKE_PREFIX_PATH=/opt/ros/humble PS1=(RWR_ros_venv) \[\e]0;\u@\h: \w\a\]${debian_chroot:+($debian_chroot)}\[\033[01;32m\]\u@\h\[\033[00m\]:\[\033[01;34m\]\w\[\033[00m\]\$ VIRTUAL_ENV_PROMPT=(RWR_ros_venv) /usr/bin/cmake --install /home/sitong/RWR_ros2_ws/src/rwr_system/build/logger
