[0.019s] Invoking command in '/home/sitong/RWR_ros2_ws/src/rwr_system/build/hand_control': PS1=(RWR_ros_venv) \[\e]0;\u@\h: \w\a\]${debian_chroot:+($debian_chroot)}\[\033[01;32m\]\u@\h\[\033[00m\]:\[\033[01;34m\]\w\[\033[00m\]\$ VIRTUAL_ENV_PROMPT=(RWR_ros_venv) /usr/bin/cmake /home/sitong/RWR_ros2_ws/src/rwr_system/src/hand_control -DCMAKE_INSTALL_PREFIX=/home/sitong/RWR_ros2_ws/src/rwr_system/install/hand_control
[0.046s] [31mCMake Error at CMakeLists.txt:12 (find_package):
[0.046s]   By not providing "Findrclpy.cmake" in CMAKE_MODULE_PATH this project has
[0.047s]   asked CMake to find a package configuration file provided by "rclpy", but
[0.048s]   CMake did not find one.
[0.048s] 
[0.049s]   Could not find a package configuration file provided by "rclpy" with any of
[0.049s]   the following names:
[0.049s] 
[0.049s]     rclpyConfig.cmake
[0.051s]     rclpy-config.cmake
[0.051s] 
[0.051s]   Add the installation prefix of "rclpy" to CMAKE_PREFIX_PATH or set
[0.052s]   "rclpy_DIR" to a directory containing one of the above files.  If "rclpy"
[0.052s]   provides a separate development package or SDK, be sure it has been
[0.052s]   installed.
[0.052s] 
[0.052s] [0m
[0.053s] -- Configuring incomplete, errors occurred!
[0.053s] See also "/home/sitong/RWR_ros2_ws/src/rwr_system/build/hand_control/CMakeFiles/CMakeOutput.log".
[0.070s] Invoked command in '/home/sitong/RWR_ros2_ws/src/rwr_system/build/hand_control' returned '1': PS1=(RWR_ros_venv) \[\e]0;\u@\h: \w\a\]${debian_chroot:+($debian_chroot)}\[\033[01;32m\]\u@\h\[\033[00m\]:\[\033[01;34m\]\w\[\033[00m\]\$ VIRTUAL_ENV_PROMPT=(RWR_ros_venv) /usr/bin/cmake /home/sitong/RWR_ros2_ws/src/rwr_system/src/hand_control -DCMAKE_INSTALL_PREFIX=/home/sitong/RWR_ros2_ws/src/rwr_system/install/hand_control
