[0.022s] Invoking command in '/home/sitong/RWR_ros2_ws/src/rwr_system/build/retargeter': PS1=(RWR_ros_venv) \[\e]0;\u@\h: \w\a\]${debian_chroot:+($debian_chroot)}\[\033[01;32m\]\u@\h\[\033[00m\]:\[\033[01;34m\]\w\[\033[00m\]\$ VIRTUAL_ENV_PROMPT=(RWR_ros_venv) /usr/bin/cmake /home/sitong/RWR_ros2_ws/src/rwr_system/src/retargeter -DCMAKE_INSTALL_PREFIX=/home/sitong/RWR_ros2_ws/src/rwr_system/install/retargeter
[0.072s] -- Configuring incomplete, errors occurred!
[0.073s] See also "/home/sitong/RWR_ros2_ws/src/rwr_system/build/retargeter/CMakeFiles/CMakeOutput.log".
[0.075s] [31mCMake Error at CMakeLists.txt:12 (find_package):
[0.076s]   By not providing "Findrclpy.cmake" in CMAKE_MODULE_PATH this project has
[0.076s]   asked CMake to find a package configuration file provided by "rclpy", but
[0.076s]   CMake did not find one.
[0.076s] 
[0.076s]   Could not find a package configuration file provided by "rclpy" with any of
[0.076s]   the following names:
[0.076s] 
[0.078s]     rclpyConfig.cmake
[0.078s]     rclpy-config.cmake
[0.078s] 
[0.078s]   Add the installation prefix of "rclpy" to CMAKE_PREFIX_PATH or set
[0.079s]   "rclpy_DIR" to a directory containing one of the above files.  If "rclpy"
[0.079s]   provides a separate development package or SDK, be sure it has been
[0.079s]   installed.
[0.079s] 
[0.079s] [0m
[0.082s] Invoked command in '/home/sitong/RWR_ros2_ws/src/rwr_system/build/retargeter' returned '1': PS1=(RWR_ros_venv) \[\e]0;\u@\h: \w\a\]${debian_chroot:+($debian_chroot)}\[\033[01;32m\]\u@\h\[\033[00m\]:\[\033[01;34m\]\w\[\033[00m\]\$ VIRTUAL_ENV_PROMPT=(RWR_ros_venv) /usr/bin/cmake /home/sitong/RWR_ros2_ws/src/rwr_system/src/retargeter -DCMAKE_INSTALL_PREFIX=/home/sitong/RWR_ros2_ws/src/rwr_system/install/retargeter
