running egg_info
creating ../../build/pressure_sub/pressure_sub.egg-info
writing ../../build/pressure_sub/pressure_sub.egg-info/PKG-INFO
writing dependency_links to ../../build/pressure_sub/pressure_sub.egg-info/dependency_links.txt
writing entry points to ../../build/pressure_sub/pressure_sub.egg-info/entry_points.txt
writing requirements to ../../build/pressure_sub/pressure_sub.egg-info/requires.txt
writing top-level names to ../../build/pressure_sub/pressure_sub.egg-info/top_level.txt
writing manifest file '../../build/pressure_sub/pressure_sub.egg-info/SOURCES.txt'
reading manifest file '../../build/pressure_sub/pressure_sub.egg-info/SOURCES.txt'
writing manifest file '../../build/pressure_sub/pressure_sub.egg-info/SOURCES.txt'
running build
running build_py
creating /home/sitong/RWR_ros2_ws/src/rwr_system/build/pressure_sub/build
creating /home/sitong/RWR_ros2_ws/src/rwr_system/build/pressure_sub/build/lib
creating /home/sitong/RWR_ros2_ws/src/rwr_system/build/pressure_sub/build/lib/pressure_sub
copying pressure_sub/__init__.py -> /home/sitong/RWR_ros2_ws/src/rwr_system/build/pressure_sub/build/lib/pressure_sub
copying pressure_sub/serial_subscriber.py -> /home/sitong/RWR_ros2_ws/src/rwr_system/build/pressure_sub/build/lib/pressure_sub
running install
running install_lib
creating /home/sitong/RWR_ros2_ws/src/rwr_system/install/pressure_sub/lib/python3.10/site-packages/pressure_sub
copying /home/sitong/RWR_ros2_ws/src/rwr_system/build/pressure_sub/build/lib/pressure_sub/__init__.py -> /home/sitong/RWR_ros2_ws/src/rwr_system/install/pressure_sub/lib/python3.10/site-packages/pressure_sub
copying /home/sitong/RWR_ros2_ws/src/rwr_system/build/pressure_sub/build/lib/pressure_sub/serial_subscriber.py -> /home/sitong/RWR_ros2_ws/src/rwr_system/install/pressure_sub/lib/python3.10/site-packages/pressure_sub
byte-compiling /home/sitong/RWR_ros2_ws/src/rwr_system/install/pressure_sub/lib/python3.10/site-packages/pressure_sub/__init__.py to __init__.cpython-310.pyc
byte-compiling /home/sitong/RWR_ros2_ws/src/rwr_system/install/pressure_sub/lib/python3.10/site-packages/pressure_sub/serial_subscriber.py to serial_subscriber.cpython-310.pyc
running install_data
creating /home/sitong/RWR_ros2_ws/src/rwr_system/install/pressure_sub/share/ament_index
creating /home/sitong/RWR_ros2_ws/src/rwr_system/install/pressure_sub/share/ament_index/resource_index
creating /home/sitong/RWR_ros2_ws/src/rwr_system/install/pressure_sub/share/ament_index/resource_index/packages
copying resource/pressure_sub -> /home/sitong/RWR_ros2_ws/src/rwr_system/install/pressure_sub/share/ament_index/resource_index/packages
copying package.xml -> /home/sitong/RWR_ros2_ws/src/rwr_system/install/pressure_sub/share/pressure_sub
running install_egg_info
Copying ../../build/pressure_sub/pressure_sub.egg-info to /home/sitong/RWR_ros2_ws/src/rwr_system/install/pressure_sub/lib/python3.10/site-packages/pressure_sub-0.0.0-py3.10.egg-info
running install_scripts
Installing serial_subscriber script to /home/sitong/RWR_ros2_ws/src/rwr_system/install/pressure_sub/lib/pressure_sub
writing list of installed files to '/home/sitong/RWR_ros2_ws/src/rwr_system/build/pressure_sub/install.log'
