[0.048s] DEBUG:colcon:Command line arguments: ['/usr/bin/colcon', 'list', '-p', '--base-paths', '/home/ubuntu/ros2_ws/src/rwr_system']
[0.048s] DEBUG:colcon:Parsed command line arguments: Namespace(log_base=None, log_level=None, verb_name='list', build_base='build', ignore_user_meta=False, metas=['./colcon.meta'], base_paths=['/home/ubuntu/ros2_ws/src/rwr_system'], packages_ignore=None, packages_ignore_regex=None, paths=None, packages_up_to=None, packages_up_to_regex=None, packages_above=None, packages_above_and_dependencies=None, packages_above_depth=None, packages_select_by_dep=None, packages_skip_by_dep=None, packages_skip_up_to=None, packages_select_build_failed=False, packages_skip_build_finished=False, packages_select_test_failures=False, packages_skip_test_passed=False, packages_select=None, packages_skip=None, packages_select_regex=None, packages_skip_regex=None, packages_start=None, packages_end=None, allow_overriding=[], topological_order=False, names_only=False, paths_only=True, topological_graph=False, topological_graph_dot=False, topological_graph_density=False, topological_graph_legend=False, topological_graph_dot_cluster=False, topological_graph_dot_include_skipped=False, mixin_files=None, mixin=None, verb_parser=<colcon_mixin.mixin.mixin_argument.MixinArgumentDecorator object at 0xffff2728a2c0>, verb_extension=<colcon_package_information.verb.list.ListVerb object at 0xffff27289180>, main=<bound method ListVerb.main of <colcon_package_information.verb.list.ListVerb object at 0xffff27289180>>, mixin_verb=('list',))
[0.127s] Level 1:colcon.colcon_core.package_discovery:discover_packages(colcon_meta) check parameters
[0.127s] Level 1:colcon.colcon_core.package_discovery:discover_packages(recursive) check parameters
[0.127s] Level 1:colcon.colcon_core.package_discovery:discover_packages(ignore) check parameters
[0.127s] Level 1:colcon.colcon_core.package_discovery:discover_packages(path) check parameters
[0.127s] Level 1:colcon.colcon_core.package_discovery:discover_packages(recursive) discover
[0.127s] INFO:colcon.colcon_core.package_discovery:Crawling recursively for packages in '/home/ubuntu/ros2_ws/src/rwr_system'
[0.127s] Level 1:colcon.colcon_core.package_identification:_identify(/home/ubuntu/ros2_ws/src/rwr_system) by extensions ['ignore', 'ignore_ament_install']
[0.127s] Level 1:colcon.colcon_core.package_identification:_identify(/home/ubuntu/ros2_ws/src/rwr_system) by extension 'ignore'
[0.127s] Level 1:colcon.colcon_core.package_identification:_identify(/home/ubuntu/ros2_ws/src/rwr_system) by extension 'ignore_ament_install'
[0.127s] Level 1:colcon.colcon_core.package_identification:_identify(/home/ubuntu/ros2_ws/src/rwr_system) by extensions ['colcon_pkg']
[0.127s] Level 1:colcon.colcon_core.package_identification:_identify(/home/ubuntu/ros2_ws/src/rwr_system) by extension 'colcon_pkg'
[0.127s] Level 1:colcon.colcon_core.package_identification:_identify(/home/ubuntu/ros2_ws/src/rwr_system) by extensions ['colcon_meta']
[0.127s] Level 1:colcon.colcon_core.package_identification:_identify(/home/ubuntu/ros2_ws/src/rwr_system) by extension 'colcon_meta'
[0.127s] Level 1:colcon.colcon_core.package_identification:_identify(/home/ubuntu/ros2_ws/src/rwr_system) by extensions ['ros']
[0.127s] Level 1:colcon.colcon_core.package_identification:_identify(/home/ubuntu/ros2_ws/src/rwr_system) by extension 'ros'
[0.133s] Level 1:colcon.colcon_core.package_identification:_identify(/home/ubuntu/ros2_ws/src/rwr_system) by extensions ['cmake', 'python']
[0.133s] Level 1:colcon.colcon_core.package_identification:_identify(/home/ubuntu/ros2_ws/src/rwr_system) by extension 'cmake'
[0.133s] Level 1:colcon.colcon_core.package_identification:_identify(/home/ubuntu/ros2_ws/src/rwr_system) by extension 'python'
[0.133s] Level 1:colcon.colcon_core.package_identification:_identify(/home/ubuntu/ros2_ws/src/rwr_system) by extensions ['python_setup_py']
[0.133s] Level 1:colcon.colcon_core.package_identification:_identify(/home/ubuntu/ros2_ws/src/rwr_system) by extension 'python_setup_py'
[0.133s] Level 1:colcon.colcon_core.package_identification:_identify(/home/ubuntu/ros2_ws/src/rwr_system/ESPCode) by extensions ['ignore', 'ignore_ament_install']
[0.133s] Level 1:colcon.colcon_core.package_identification:_identify(/home/ubuntu/ros2_ws/src/rwr_system/ESPCode) by extension 'ignore'
[0.133s] Level 1:colcon.colcon_core.package_identification:_identify(/home/ubuntu/ros2_ws/src/rwr_system/ESPCode) by extension 'ignore_ament_install'
[0.133s] Level 1:colcon.colcon_core.package_identification:_identify(/home/ubuntu/ros2_ws/src/rwr_system/ESPCode) by extensions ['colcon_pkg']
[0.134s] Level 1:colcon.colcon_core.package_identification:_identify(/home/ubuntu/ros2_ws/src/rwr_system/ESPCode) by extension 'colcon_pkg'
[0.134s] Level 1:colcon.colcon_core.package_identification:_identify(/home/ubuntu/ros2_ws/src/rwr_system/ESPCode) by extensions ['colcon_meta']
[0.134s] Level 1:colcon.colcon_core.package_identification:_identify(/home/ubuntu/ros2_ws/src/rwr_system/ESPCode) by extension 'colcon_meta'
[0.134s] Level 1:colcon.colcon_core.package_identification:_identify(/home/ubuntu/ros2_ws/src/rwr_system/ESPCode) by extensions ['ros']
[0.134s] Level 1:colcon.colcon_core.package_identification:_identify(/home/ubuntu/ros2_ws/src/rwr_system/ESPCode) by extension 'ros'
[0.134s] Level 1:colcon.colcon_core.package_identification:_identify(/home/ubuntu/ros2_ws/src/rwr_system/ESPCode) by extensions ['cmake', 'python']
[0.134s] Level 1:colcon.colcon_core.package_identification:_identify(/home/ubuntu/ros2_ws/src/rwr_system/ESPCode) by extension 'cmake'
[0.134s] Level 1:colcon.colcon_core.package_identification:_identify(/home/ubuntu/ros2_ws/src/rwr_system/ESPCode) by extension 'python'
[0.134s] Level 1:colcon.colcon_core.package_identification:_identify(/home/ubuntu/ros2_ws/src/rwr_system/ESPCode) by extensions ['python_setup_py']
[0.134s] Level 1:colcon.colcon_core.package_identification:_identify(/home/ubuntu/ros2_ws/src/rwr_system/ESPCode) by extension 'python_setup_py'
[0.134s] Level 1:colcon.colcon_core.package_identification:_identify(/home/ubuntu/ros2_ws/src/rwr_system/ESPCode/include) by extensions ['ignore', 'ignore_ament_install']
[0.134s] Level 1:colcon.colcon_core.package_identification:_identify(/home/ubuntu/ros2_ws/src/rwr_system/ESPCode/include) by extension 'ignore'
[0.134s] Level 1:colcon.colcon_core.package_identification:_identify(/home/ubuntu/ros2_ws/src/rwr_system/ESPCode/include) by extension 'ignore_ament_install'
[0.134s] Level 1:colcon.colcon_core.package_identification:_identify(/home/ubuntu/ros2_ws/src/rwr_system/ESPCode/include) by extensions ['colcon_pkg']
[0.134s] Level 1:colcon.colcon_core.package_identification:_identify(/home/ubuntu/ros2_ws/src/rwr_system/ESPCode/include) by extension 'colcon_pkg'
[0.134s] Level 1:colcon.colcon_core.package_identification:_identify(/home/ubuntu/ros2_ws/src/rwr_system/ESPCode/include) by extensions ['colcon_meta']
[0.134s] Level 1:colcon.colcon_core.package_identification:_identify(/home/ubuntu/ros2_ws/src/rwr_system/ESPCode/include) by extension 'colcon_meta'
[0.134s] Level 1:colcon.colcon_core.package_identification:_identify(/home/ubuntu/ros2_ws/src/rwr_system/ESPCode/include) by extensions ['ros']
[0.134s] Level 1:colcon.colcon_core.package_identification:_identify(/home/ubuntu/ros2_ws/src/rwr_system/ESPCode/include) by extension 'ros'
[0.134s] Level 1:colcon.colcon_core.package_identification:_identify(/home/ubuntu/ros2_ws/src/rwr_system/ESPCode/include) by extensions ['cmake', 'python']
[0.134s] Level 1:colcon.colcon_core.package_identification:_identify(/home/ubuntu/ros2_ws/src/rwr_system/ESPCode/include) by extension 'cmake'
[0.134s] Level 1:colcon.colcon_core.package_identification:_identify(/home/ubuntu/ros2_ws/src/rwr_system/ESPCode/include) by extension 'python'
[0.134s] Level 1:colcon.colcon_core.package_identification:_identify(/home/ubuntu/ros2_ws/src/rwr_system/ESPCode/include) by extensions ['python_setup_py']
[0.134s] Level 1:colcon.colcon_core.package_identification:_identify(/home/ubuntu/ros2_ws/src/rwr_system/ESPCode/include) by extension 'python_setup_py'
[0.134s] Level 1:colcon.colcon_core.package_identification:_identify(/home/ubuntu/ros2_ws/src/rwr_system/ESPCode/lib) by extensions ['ignore', 'ignore_ament_install']
[0.134s] Level 1:colcon.colcon_core.package_identification:_identify(/home/ubuntu/ros2_ws/src/rwr_system/ESPCode/lib) by extension 'ignore'
[0.134s] Level 1:colcon.colcon_core.package_identification:_identify(/home/ubuntu/ros2_ws/src/rwr_system/ESPCode/lib) by extension 'ignore_ament_install'
[0.134s] Level 1:colcon.colcon_core.package_identification:_identify(/home/ubuntu/ros2_ws/src/rwr_system/ESPCode/lib) by extensions ['colcon_pkg']
[0.134s] Level 1:colcon.colcon_core.package_identification:_identify(/home/ubuntu/ros2_ws/src/rwr_system/ESPCode/lib) by extension 'colcon_pkg'
[0.134s] Level 1:colcon.colcon_core.package_identification:_identify(/home/ubuntu/ros2_ws/src/rwr_system/ESPCode/lib) by extensions ['colcon_meta']
[0.134s] Level 1:colcon.colcon_core.package_identification:_identify(/home/ubuntu/ros2_ws/src/rwr_system/ESPCode/lib) by extension 'colcon_meta'
[0.134s] Level 1:colcon.colcon_core.package_identification:_identify(/home/ubuntu/ros2_ws/src/rwr_system/ESPCode/lib) by extensions ['ros']
[0.134s] Level 1:colcon.colcon_core.package_identification:_identify(/home/ubuntu/ros2_ws/src/rwr_system/ESPCode/lib) by extension 'ros'
[0.134s] Level 1:colcon.colcon_core.package_identification:_identify(/home/ubuntu/ros2_ws/src/rwr_system/ESPCode/lib) by extensions ['cmake', 'python']
[0.134s] Level 1:colcon.colcon_core.package_identification:_identify(/home/ubuntu/ros2_ws/src/rwr_system/ESPCode/lib) by extension 'cmake'
[0.134s] Level 1:colcon.colcon_core.package_identification:_identify(/home/ubuntu/ros2_ws/src/rwr_system/ESPCode/lib) by extension 'python'
[0.134s] Level 1:colcon.colcon_core.package_identification:_identify(/home/ubuntu/ros2_ws/src/rwr_system/ESPCode/lib) by extensions ['python_setup_py']
[0.134s] Level 1:colcon.colcon_core.package_identification:_identify(/home/ubuntu/ros2_ws/src/rwr_system/ESPCode/lib) by extension 'python_setup_py'
[0.134s] Level 1:colcon.colcon_core.package_identification:_identify(/home/ubuntu/ros2_ws/src/rwr_system/ESPCode/src) by extensions ['ignore', 'ignore_ament_install']
[0.134s] Level 1:colcon.colcon_core.package_identification:_identify(/home/ubuntu/ros2_ws/src/rwr_system/ESPCode/src) by extension 'ignore'
[0.134s] Level 1:colcon.colcon_core.package_identification:_identify(/home/ubuntu/ros2_ws/src/rwr_system/ESPCode/src) by extension 'ignore_ament_install'
[0.134s] Level 1:colcon.colcon_core.package_identification:_identify(/home/ubuntu/ros2_ws/src/rwr_system/ESPCode/src) by extensions ['colcon_pkg']
[0.134s] Level 1:colcon.colcon_core.package_identification:_identify(/home/ubuntu/ros2_ws/src/rwr_system/ESPCode/src) by extension 'colcon_pkg'
[0.134s] Level 1:colcon.colcon_core.package_identification:_identify(/home/ubuntu/ros2_ws/src/rwr_system/ESPCode/src) by extensions ['colcon_meta']
[0.134s] Level 1:colcon.colcon_core.package_identification:_identify(/home/ubuntu/ros2_ws/src/rwr_system/ESPCode/src) by extension 'colcon_meta'
[0.134s] Level 1:colcon.colcon_core.package_identification:_identify(/home/ubuntu/ros2_ws/src/rwr_system/ESPCode/src) by extensions ['ros']
[0.135s] Level 1:colcon.colcon_core.package_identification:_identify(/home/ubuntu/ros2_ws/src/rwr_system/ESPCode/src) by extension 'ros'
[0.135s] Level 1:colcon.colcon_core.package_identification:_identify(/home/ubuntu/ros2_ws/src/rwr_system/ESPCode/src) by extensions ['cmake', 'python']
[0.135s] Level 1:colcon.colcon_core.package_identification:_identify(/home/ubuntu/ros2_ws/src/rwr_system/ESPCode/src) by extension 'cmake'
[0.135s] Level 1:colcon.colcon_core.package_identification:_identify(/home/ubuntu/ros2_ws/src/rwr_system/ESPCode/src) by extension 'python'
[0.135s] Level 1:colcon.colcon_core.package_identification:_identify(/home/ubuntu/ros2_ws/src/rwr_system/ESPCode/src) by extensions ['python_setup_py']
[0.135s] Level 1:colcon.colcon_core.package_identification:_identify(/home/ubuntu/ros2_ws/src/rwr_system/ESPCode/src) by extension 'python_setup_py'
[0.135s] Level 1:colcon.colcon_core.package_identification:_identify(/home/ubuntu/ros2_ws/src/rwr_system/ESPCode/test) by extensions ['ignore', 'ignore_ament_install']
[0.135s] Level 1:colcon.colcon_core.package_identification:_identify(/home/ubuntu/ros2_ws/src/rwr_system/ESPCode/test) by extension 'ignore'
[0.135s] Level 1:colcon.colcon_core.package_identification:_identify(/home/ubuntu/ros2_ws/src/rwr_system/ESPCode/test) by extension 'ignore_ament_install'
[0.135s] Level 1:colcon.colcon_core.package_identification:_identify(/home/ubuntu/ros2_ws/src/rwr_system/ESPCode/test) by extensions ['colcon_pkg']
[0.135s] Level 1:colcon.colcon_core.package_identification:_identify(/home/ubuntu/ros2_ws/src/rwr_system/ESPCode/test) by extension 'colcon_pkg'
[0.135s] Level 1:colcon.colcon_core.package_identification:_identify(/home/ubuntu/ros2_ws/src/rwr_system/ESPCode/test) by extensions ['colcon_meta']
[0.135s] Level 1:colcon.colcon_core.package_identification:_identify(/home/ubuntu/ros2_ws/src/rwr_system/ESPCode/test) by extension 'colcon_meta'
[0.135s] Level 1:colcon.colcon_core.package_identification:_identify(/home/ubuntu/ros2_ws/src/rwr_system/ESPCode/test) by extensions ['ros']
[0.135s] Level 1:colcon.colcon_core.package_identification:_identify(/home/ubuntu/ros2_ws/src/rwr_system/ESPCode/test) by extension 'ros'
[0.135s] Level 1:colcon.colcon_core.package_identification:_identify(/home/ubuntu/ros2_ws/src/rwr_system/ESPCode/test) by extensions ['cmake', 'python']
[0.135s] Level 1:colcon.colcon_core.package_identification:_identify(/home/ubuntu/ros2_ws/src/rwr_system/ESPCode/test) by extension 'cmake'
[0.135s] Level 1:colcon.colcon_core.package_identification:_identify(/home/ubuntu/ros2_ws/src/rwr_system/ESPCode/test) by extension 'python'
[0.135s] Level 1:colcon.colcon_core.package_identification:_identify(/home/ubuntu/ros2_ws/src/rwr_system/ESPCode/test) by extensions ['python_setup_py']
[0.135s] Level 1:colcon.colcon_core.package_identification:_identify(/home/ubuntu/ros2_ws/src/rwr_system/ESPCode/test) by extension 'python_setup_py'
[0.135s] Level 1:colcon.colcon_core.package_identification:_identify(/home/ubuntu/ros2_ws/src/rwr_system/TaskXESP) by extensions ['ignore', 'ignore_ament_install']
[0.135s] Level 1:colcon.colcon_core.package_identification:_identify(/home/ubuntu/ros2_ws/src/rwr_system/TaskXESP) by extension 'ignore'
[0.135s] Level 1:colcon.colcon_core.package_identification:_identify(/home/ubuntu/ros2_ws/src/rwr_system/TaskXESP) by extension 'ignore_ament_install'
[0.135s] Level 1:colcon.colcon_core.package_identification:_identify(/home/ubuntu/ros2_ws/src/rwr_system/TaskXESP) by extensions ['colcon_pkg']
[0.135s] Level 1:colcon.colcon_core.package_identification:_identify(/home/ubuntu/ros2_ws/src/rwr_system/TaskXESP) by extension 'colcon_pkg'
[0.135s] Level 1:colcon.colcon_core.package_identification:_identify(/home/ubuntu/ros2_ws/src/rwr_system/TaskXESP) by extensions ['colcon_meta']
[0.135s] Level 1:colcon.colcon_core.package_identification:_identify(/home/ubuntu/ros2_ws/src/rwr_system/TaskXESP) by extension 'colcon_meta'
[0.135s] Level 1:colcon.colcon_core.package_identification:_identify(/home/ubuntu/ros2_ws/src/rwr_system/TaskXESP) by extensions ['ros']
[0.135s] Level 1:colcon.colcon_core.package_identification:_identify(/home/ubuntu/ros2_ws/src/rwr_system/TaskXESP) by extension 'ros'
[0.135s] Level 1:colcon.colcon_core.package_identification:_identify(/home/ubuntu/ros2_ws/src/rwr_system/TaskXESP) by extensions ['cmake', 'python']
[0.135s] Level 1:colcon.colcon_core.package_identification:_identify(/home/ubuntu/ros2_ws/src/rwr_system/TaskXESP) by extension 'cmake'
[0.135s] Level 1:colcon.colcon_core.package_identification:_identify(/home/ubuntu/ros2_ws/src/rwr_system/TaskXESP) by extension 'python'
[0.135s] Level 1:colcon.colcon_core.package_identification:_identify(/home/ubuntu/ros2_ws/src/rwr_system/TaskXESP) by extensions ['python_setup_py']
[0.135s] Level 1:colcon.colcon_core.package_identification:_identify(/home/ubuntu/ros2_ws/src/rwr_system/TaskXESP) by extension 'python_setup_py'
[0.135s] Level 1:colcon.colcon_core.package_identification:_identify(/home/ubuntu/ros2_ws/src/rwr_system/TaskXESP/include) by extensions ['ignore', 'ignore_ament_install']
[0.135s] Level 1:colcon.colcon_core.package_identification:_identify(/home/ubuntu/ros2_ws/src/rwr_system/TaskXESP/include) by extension 'ignore'
[0.135s] Level 1:colcon.colcon_core.package_identification:_identify(/home/ubuntu/ros2_ws/src/rwr_system/TaskXESP/include) by extension 'ignore_ament_install'
[0.135s] Level 1:colcon.colcon_core.package_identification:_identify(/home/ubuntu/ros2_ws/src/rwr_system/TaskXESP/include) by extensions ['colcon_pkg']
[0.135s] Level 1:colcon.colcon_core.package_identification:_identify(/home/ubuntu/ros2_ws/src/rwr_system/TaskXESP/include) by extension 'colcon_pkg'
[0.135s] Level 1:colcon.colcon_core.package_identification:_identify(/home/ubuntu/ros2_ws/src/rwr_system/TaskXESP/include) by extensions ['colcon_meta']
[0.135s] Level 1:colcon.colcon_core.package_identification:_identify(/home/ubuntu/ros2_ws/src/rwr_system/TaskXESP/include) by extension 'colcon_meta'
[0.135s] Level 1:colcon.colcon_core.package_identification:_identify(/home/ubuntu/ros2_ws/src/rwr_system/TaskXESP/include) by extensions ['ros']
[0.135s] Level 1:colcon.colcon_core.package_identification:_identify(/home/ubuntu/ros2_ws/src/rwr_system/TaskXESP/include) by extension 'ros'
[0.135s] Level 1:colcon.colcon_core.package_identification:_identify(/home/ubuntu/ros2_ws/src/rwr_system/TaskXESP/include) by extensions ['cmake', 'python']
[0.135s] Level 1:colcon.colcon_core.package_identification:_identify(/home/ubuntu/ros2_ws/src/rwr_system/TaskXESP/include) by extension 'cmake'
[0.135s] Level 1:colcon.colcon_core.package_identification:_identify(/home/ubuntu/ros2_ws/src/rwr_system/TaskXESP/include) by extension 'python'
[0.135s] Level 1:colcon.colcon_core.package_identification:_identify(/home/ubuntu/ros2_ws/src/rwr_system/TaskXESP/include) by extensions ['python_setup_py']
[0.135s] Level 1:colcon.colcon_core.package_identification:_identify(/home/ubuntu/ros2_ws/src/rwr_system/TaskXESP/include) by extension 'python_setup_py'
[0.136s] Level 1:colcon.colcon_core.package_identification:_identify(/home/ubuntu/ros2_ws/src/rwr_system/TaskXESP/lib) by extensions ['ignore', 'ignore_ament_install']
[0.136s] Level 1:colcon.colcon_core.package_identification:_identify(/home/ubuntu/ros2_ws/src/rwr_system/TaskXESP/lib) by extension 'ignore'
[0.136s] Level 1:colcon.colcon_core.package_identification:_identify(/home/ubuntu/ros2_ws/src/rwr_system/TaskXESP/lib) by extension 'ignore_ament_install'
[0.136s] Level 1:colcon.colcon_core.package_identification:_identify(/home/ubuntu/ros2_ws/src/rwr_system/TaskXESP/lib) by extensions ['colcon_pkg']
[0.136s] Level 1:colcon.colcon_core.package_identification:_identify(/home/ubuntu/ros2_ws/src/rwr_system/TaskXESP/lib) by extension 'colcon_pkg'
[0.136s] Level 1:colcon.colcon_core.package_identification:_identify(/home/ubuntu/ros2_ws/src/rwr_system/TaskXESP/lib) by extensions ['colcon_meta']
[0.136s] Level 1:colcon.colcon_core.package_identification:_identify(/home/ubuntu/ros2_ws/src/rwr_system/TaskXESP/lib) by extension 'colcon_meta'
[0.136s] Level 1:colcon.colcon_core.package_identification:_identify(/home/ubuntu/ros2_ws/src/rwr_system/TaskXESP/lib) by extensions ['ros']
[0.136s] Level 1:colcon.colcon_core.package_identification:_identify(/home/ubuntu/ros2_ws/src/rwr_system/TaskXESP/lib) by extension 'ros'
[0.136s] Level 1:colcon.colcon_core.package_identification:_identify(/home/ubuntu/ros2_ws/src/rwr_system/TaskXESP/lib) by extensions ['cmake', 'python']
[0.136s] Level 1:colcon.colcon_core.package_identification:_identify(/home/ubuntu/ros2_ws/src/rwr_system/TaskXESP/lib) by extension 'cmake'
[0.136s] Level 1:colcon.colcon_core.package_identification:_identify(/home/ubuntu/ros2_ws/src/rwr_system/TaskXESP/lib) by extension 'python'
[0.136s] Level 1:colcon.colcon_core.package_identification:_identify(/home/ubuntu/ros2_ws/src/rwr_system/TaskXESP/lib) by extensions ['python_setup_py']
[0.136s] Level 1:colcon.colcon_core.package_identification:_identify(/home/ubuntu/ros2_ws/src/rwr_system/TaskXESP/lib) by extension 'python_setup_py'
[0.136s] Level 1:colcon.colcon_core.package_identification:_identify(/home/ubuntu/ros2_ws/src/rwr_system/TaskXESP/src) by extensions ['ignore', 'ignore_ament_install']
[0.136s] Level 1:colcon.colcon_core.package_identification:_identify(/home/ubuntu/ros2_ws/src/rwr_system/TaskXESP/src) by extension 'ignore'
[0.136s] Level 1:colcon.colcon_core.package_identification:_identify(/home/ubuntu/ros2_ws/src/rwr_system/TaskXESP/src) by extension 'ignore_ament_install'
[0.136s] Level 1:colcon.colcon_core.package_identification:_identify(/home/ubuntu/ros2_ws/src/rwr_system/TaskXESP/src) by extensions ['colcon_pkg']
[0.136s] Level 1:colcon.colcon_core.package_identification:_identify(/home/ubuntu/ros2_ws/src/rwr_system/TaskXESP/src) by extension 'colcon_pkg'
[0.136s] Level 1:colcon.colcon_core.package_identification:_identify(/home/ubuntu/ros2_ws/src/rwr_system/TaskXESP/src) by extensions ['colcon_meta']
[0.136s] Level 1:colcon.colcon_core.package_identification:_identify(/home/ubuntu/ros2_ws/src/rwr_system/TaskXESP/src) by extension 'colcon_meta'
[0.136s] Level 1:colcon.colcon_core.package_identification:_identify(/home/ubuntu/ros2_ws/src/rwr_system/TaskXESP/src) by extensions ['ros']
[0.136s] Level 1:colcon.colcon_core.package_identification:_identify(/home/ubuntu/ros2_ws/src/rwr_system/TaskXESP/src) by extension 'ros'
[0.136s] Level 1:colcon.colcon_core.package_identification:_identify(/home/ubuntu/ros2_ws/src/rwr_system/TaskXESP/src) by extensions ['cmake', 'python']
[0.136s] Level 1:colcon.colcon_core.package_identification:_identify(/home/ubuntu/ros2_ws/src/rwr_system/TaskXESP/src) by extension 'cmake'
[0.136s] Level 1:colcon.colcon_core.package_identification:_identify(/home/ubuntu/ros2_ws/src/rwr_system/TaskXESP/src) by extension 'python'
[0.136s] Level 1:colcon.colcon_core.package_identification:_identify(/home/ubuntu/ros2_ws/src/rwr_system/TaskXESP/src) by extensions ['python_setup_py']
[0.136s] Level 1:colcon.colcon_core.package_identification:_identify(/home/ubuntu/ros2_ws/src/rwr_system/TaskXESP/src) by extension 'python_setup_py'
[0.136s] Level 1:colcon.colcon_core.package_identification:_identify(/home/ubuntu/ros2_ws/src/rwr_system/TaskXESP/test) by extensions ['ignore', 'ignore_ament_install']
[0.136s] Level 1:colcon.colcon_core.package_identification:_identify(/home/ubuntu/ros2_ws/src/rwr_system/TaskXESP/test) by extension 'ignore'
[0.136s] Level 1:colcon.colcon_core.package_identification:_identify(/home/ubuntu/ros2_ws/src/rwr_system/TaskXESP/test) by extension 'ignore_ament_install'
[0.136s] Level 1:colcon.colcon_core.package_identification:_identify(/home/ubuntu/ros2_ws/src/rwr_system/TaskXESP/test) by extensions ['colcon_pkg']
[0.136s] Level 1:colcon.colcon_core.package_identification:_identify(/home/ubuntu/ros2_ws/src/rwr_system/TaskXESP/test) by extension 'colcon_pkg'
[0.136s] Level 1:colcon.colcon_core.package_identification:_identify(/home/ubuntu/ros2_ws/src/rwr_system/TaskXESP/test) by extensions ['colcon_meta']
[0.136s] Level 1:colcon.colcon_core.package_identification:_identify(/home/ubuntu/ros2_ws/src/rwr_system/TaskXESP/test) by extension 'colcon_meta'
[0.136s] Level 1:colcon.colcon_core.package_identification:_identify(/home/ubuntu/ros2_ws/src/rwr_system/TaskXESP/test) by extensions ['ros']
[0.136s] Level 1:colcon.colcon_core.package_identification:_identify(/home/ubuntu/ros2_ws/src/rwr_system/TaskXESP/test) by extension 'ros'
[0.136s] Level 1:colcon.colcon_core.package_identification:_identify(/home/ubuntu/ros2_ws/src/rwr_system/TaskXESP/test) by extensions ['cmake', 'python']
[0.136s] Level 1:colcon.colcon_core.package_identification:_identify(/home/ubuntu/ros2_ws/src/rwr_system/TaskXESP/test) by extension 'cmake'
[0.136s] Level 1:colcon.colcon_core.package_identification:_identify(/home/ubuntu/ros2_ws/src/rwr_system/TaskXESP/test) by extension 'python'
[0.136s] Level 1:colcon.colcon_core.package_identification:_identify(/home/ubuntu/ros2_ws/src/rwr_system/TaskXESP/test) by extensions ['python_setup_py']
[0.136s] Level 1:colcon.colcon_core.package_identification:_identify(/home/ubuntu/ros2_ws/src/rwr_system/TaskXESP/test) by extension 'python_setup_py'
[0.136s] Level 1:colcon.colcon_core.package_identification:_identify(/home/ubuntu/ros2_ws/src/rwr_system/__pycache__) by extensions ['ignore', 'ignore_ament_install']
[0.136s] Level 1:colcon.colcon_core.package_identification:_identify(/home/ubuntu/ros2_ws/src/rwr_system/__pycache__) by extension 'ignore'
[0.136s] Level 1:colcon.colcon_core.package_identification:_identify(/home/ubuntu/ros2_ws/src/rwr_system/__pycache__) by extension 'ignore_ament_install'
[0.136s] Level 1:colcon.colcon_core.package_identification:_identify(/home/ubuntu/ros2_ws/src/rwr_system/__pycache__) by extensions ['colcon_pkg']
[0.136s] Level 1:colcon.colcon_core.package_identification:_identify(/home/ubuntu/ros2_ws/src/rwr_system/__pycache__) by extension 'colcon_pkg'
[0.136s] Level 1:colcon.colcon_core.package_identification:_identify(/home/ubuntu/ros2_ws/src/rwr_system/__pycache__) by extensions ['colcon_meta']
[0.136s] Level 1:colcon.colcon_core.package_identification:_identify(/home/ubuntu/ros2_ws/src/rwr_system/__pycache__) by extension 'colcon_meta'
[0.137s] Level 1:colcon.colcon_core.package_identification:_identify(/home/ubuntu/ros2_ws/src/rwr_system/__pycache__) by extensions ['ros']
[0.137s] Level 1:colcon.colcon_core.package_identification:_identify(/home/ubuntu/ros2_ws/src/rwr_system/__pycache__) by extension 'ros'
[0.137s] Level 1:colcon.colcon_core.package_identification:_identify(/home/ubuntu/ros2_ws/src/rwr_system/__pycache__) by extensions ['cmake', 'python']
[0.137s] Level 1:colcon.colcon_core.package_identification:_identify(/home/ubuntu/ros2_ws/src/rwr_system/__pycache__) by extension 'cmake'
[0.137s] Level 1:colcon.colcon_core.package_identification:_identify(/home/ubuntu/ros2_ws/src/rwr_system/__pycache__) by extension 'python'
[0.137s] Level 1:colcon.colcon_core.package_identification:_identify(/home/ubuntu/ros2_ws/src/rwr_system/__pycache__) by extensions ['python_setup_py']
[0.137s] Level 1:colcon.colcon_core.package_identification:_identify(/home/ubuntu/ros2_ws/src/rwr_system/__pycache__) by extension 'python_setup_py'
[0.137s] Level 1:colcon.colcon_core.package_identification:_identify(/home/ubuntu/ros2_ws/src/rwr_system/bin) by extensions ['ignore', 'ignore_ament_install']
[0.137s] Level 1:colcon.colcon_core.package_identification:_identify(/home/ubuntu/ros2_ws/src/rwr_system/bin) by extension 'ignore'
[0.137s] Level 1:colcon.colcon_core.package_identification:_identify(/home/ubuntu/ros2_ws/src/rwr_system/bin) by extension 'ignore_ament_install'
[0.137s] Level 1:colcon.colcon_core.package_identification:_identify(/home/ubuntu/ros2_ws/src/rwr_system/bin) by extensions ['colcon_pkg']
[0.137s] Level 1:colcon.colcon_core.package_identification:_identify(/home/ubuntu/ros2_ws/src/rwr_system/bin) by extension 'colcon_pkg'
[0.137s] Level 1:colcon.colcon_core.package_identification:_identify(/home/ubuntu/ros2_ws/src/rwr_system/bin) by extensions ['colcon_meta']
[0.137s] Level 1:colcon.colcon_core.package_identification:_identify(/home/ubuntu/ros2_ws/src/rwr_system/bin) by extension 'colcon_meta'
[0.137s] Level 1:colcon.colcon_core.package_identification:_identify(/home/ubuntu/ros2_ws/src/rwr_system/bin) by extensions ['ros']
[0.137s] Level 1:colcon.colcon_core.package_identification:_identify(/home/ubuntu/ros2_ws/src/rwr_system/bin) by extension 'ros'
[0.137s] Level 1:colcon.colcon_core.package_identification:_identify(/home/ubuntu/ros2_ws/src/rwr_system/bin) by extensions ['cmake', 'python']
[0.137s] Level 1:colcon.colcon_core.package_identification:_identify(/home/ubuntu/ros2_ws/src/rwr_system/bin) by extension 'cmake'
[0.137s] Level 1:colcon.colcon_core.package_identification:_identify(/home/ubuntu/ros2_ws/src/rwr_system/bin) by extension 'python'
[0.137s] Level 1:colcon.colcon_core.package_identification:_identify(/home/ubuntu/ros2_ws/src/rwr_system/bin) by extensions ['python_setup_py']
[0.137s] Level 1:colcon.colcon_core.package_identification:_identify(/home/ubuntu/ros2_ws/src/rwr_system/bin) by extension 'python_setup_py'
[0.137s] Level 1:colcon.colcon_core.package_identification:_identify(/home/ubuntu/ros2_ws/src/rwr_system/experiments) by extensions ['ignore', 'ignore_ament_install']
[0.137s] Level 1:colcon.colcon_core.package_identification:_identify(/home/ubuntu/ros2_ws/src/rwr_system/experiments) by extension 'ignore'
[0.137s] Level 1:colcon.colcon_core.package_identification:_identify(/home/ubuntu/ros2_ws/src/rwr_system/experiments) by extension 'ignore_ament_install'
[0.137s] Level 1:colcon.colcon_core.package_identification:_identify(/home/ubuntu/ros2_ws/src/rwr_system/experiments) by extensions ['colcon_pkg']
[0.137s] Level 1:colcon.colcon_core.package_identification:_identify(/home/ubuntu/ros2_ws/src/rwr_system/experiments) by extension 'colcon_pkg'
[0.137s] Level 1:colcon.colcon_core.package_identification:_identify(/home/ubuntu/ros2_ws/src/rwr_system/experiments) by extensions ['colcon_meta']
[0.137s] Level 1:colcon.colcon_core.package_identification:_identify(/home/ubuntu/ros2_ws/src/rwr_system/experiments) by extension 'colcon_meta'
[0.137s] Level 1:colcon.colcon_core.package_identification:_identify(/home/ubuntu/ros2_ws/src/rwr_system/experiments) by extensions ['ros']
[0.137s] Level 1:colcon.colcon_core.package_identification:_identify(/home/ubuntu/ros2_ws/src/rwr_system/experiments) by extension 'ros'
[0.139s] DEBUG:colcon.colcon_core.package_identification:Package '/home/ubuntu/ros2_ws/src/rwr_system/experiments' with type 'ros.ament_cmake' and name 'experiments'
[0.140s] Level 1:colcon.colcon_core.package_identification:_identify(/home/ubuntu/ros2_ws/src/rwr_system/faive_system.egg-info) by extensions ['ignore', 'ignore_ament_install']
[0.140s] Level 1:colcon.colcon_core.package_identification:_identify(/home/ubuntu/ros2_ws/src/rwr_system/faive_system.egg-info) by extension 'ignore'
[0.140s] Level 1:colcon.colcon_core.package_identification:_identify(/home/ubuntu/ros2_ws/src/rwr_system/faive_system.egg-info) by extension 'ignore_ament_install'
[0.140s] Level 1:colcon.colcon_core.package_identification:_identify(/home/ubuntu/ros2_ws/src/rwr_system/faive_system.egg-info) by extensions ['colcon_pkg']
[0.140s] Level 1:colcon.colcon_core.package_identification:_identify(/home/ubuntu/ros2_ws/src/rwr_system/faive_system.egg-info) by extension 'colcon_pkg'
[0.140s] Level 1:colcon.colcon_core.package_identification:_identify(/home/ubuntu/ros2_ws/src/rwr_system/faive_system.egg-info) by extensions ['colcon_meta']
[0.140s] Level 1:colcon.colcon_core.package_identification:_identify(/home/ubuntu/ros2_ws/src/rwr_system/faive_system.egg-info) by extension 'colcon_meta'
[0.140s] Level 1:colcon.colcon_core.package_identification:_identify(/home/ubuntu/ros2_ws/src/rwr_system/faive_system.egg-info) by extensions ['ros']
[0.140s] Level 1:colcon.colcon_core.package_identification:_identify(/home/ubuntu/ros2_ws/src/rwr_system/faive_system.egg-info) by extension 'ros'
[0.140s] Level 1:colcon.colcon_core.package_identification:_identify(/home/ubuntu/ros2_ws/src/rwr_system/faive_system.egg-info) by extensions ['cmake', 'python']
[0.140s] Level 1:colcon.colcon_core.package_identification:_identify(/home/ubuntu/ros2_ws/src/rwr_system/faive_system.egg-info) by extension 'cmake'
[0.140s] Level 1:colcon.colcon_core.package_identification:_identify(/home/ubuntu/ros2_ws/src/rwr_system/faive_system.egg-info) by extension 'python'
[0.140s] Level 1:colcon.colcon_core.package_identification:_identify(/home/ubuntu/ros2_ws/src/rwr_system/faive_system.egg-info) by extensions ['python_setup_py']
[0.140s] Level 1:colcon.colcon_core.package_identification:_identify(/home/ubuntu/ros2_ws/src/rwr_system/faive_system.egg-info) by extension 'python_setup_py'
[0.140s] Level 1:colcon.colcon_core.package_identification:_identify(/home/ubuntu/ros2_ws/src/rwr_system/log) by extensions ['ignore', 'ignore_ament_install']
[0.140s] Level 1:colcon.colcon_core.package_identification:_identify(/home/ubuntu/ros2_ws/src/rwr_system/log) by extension 'ignore'
[0.140s] Level 1:colcon.colcon_core.package_identification:_identify(/home/ubuntu/ros2_ws/src/rwr_system/log) ignored
[0.140s] Level 1:colcon.colcon_core.package_identification:_identify(/home/ubuntu/ros2_ws/src/rwr_system/src) by extensions ['ignore', 'ignore_ament_install']
[0.140s] Level 1:colcon.colcon_core.package_identification:_identify(/home/ubuntu/ros2_ws/src/rwr_system/src) by extension 'ignore'
[0.140s] Level 1:colcon.colcon_core.package_identification:_identify(/home/ubuntu/ros2_ws/src/rwr_system/src) by extension 'ignore_ament_install'
[0.140s] Level 1:colcon.colcon_core.package_identification:_identify(/home/ubuntu/ros2_ws/src/rwr_system/src) by extensions ['colcon_pkg']
[0.140s] Level 1:colcon.colcon_core.package_identification:_identify(/home/ubuntu/ros2_ws/src/rwr_system/src) by extension 'colcon_pkg'
[0.140s] Level 1:colcon.colcon_core.package_identification:_identify(/home/ubuntu/ros2_ws/src/rwr_system/src) by extensions ['colcon_meta']
[0.140s] Level 1:colcon.colcon_core.package_identification:_identify(/home/ubuntu/ros2_ws/src/rwr_system/src) by extension 'colcon_meta'
[0.140s] Level 1:colcon.colcon_core.package_identification:_identify(/home/ubuntu/ros2_ws/src/rwr_system/src) by extensions ['ros']
[0.140s] Level 1:colcon.colcon_core.package_identification:_identify(/home/ubuntu/ros2_ws/src/rwr_system/src) by extension 'ros'
[0.141s] Level 1:colcon.colcon_core.package_identification:_identify(/home/ubuntu/ros2_ws/src/rwr_system/src) by extensions ['cmake', 'python']
[0.141s] Level 1:colcon.colcon_core.package_identification:_identify(/home/ubuntu/ros2_ws/src/rwr_system/src) by extension 'cmake'
[0.141s] Level 1:colcon.colcon_core.package_identification:_identify(/home/ubuntu/ros2_ws/src/rwr_system/src) by extension 'python'
[0.141s] Level 1:colcon.colcon_core.package_identification:_identify(/home/ubuntu/ros2_ws/src/rwr_system/src) by extensions ['python_setup_py']
[0.141s] Level 1:colcon.colcon_core.package_identification:_identify(/home/ubuntu/ros2_ws/src/rwr_system/src) by extension 'python_setup_py'
[0.141s] Level 1:colcon.colcon_core.package_identification:_identify(/home/ubuntu/ros2_ws/src/rwr_system/src/__pycache__) by extensions ['ignore', 'ignore_ament_install']
[0.141s] Level 1:colcon.colcon_core.package_identification:_identify(/home/ubuntu/ros2_ws/src/rwr_system/src/__pycache__) by extension 'ignore'
[0.141s] Level 1:colcon.colcon_core.package_identification:_identify(/home/ubuntu/ros2_ws/src/rwr_system/src/__pycache__) by extension 'ignore_ament_install'
[0.141s] Level 1:colcon.colcon_core.package_identification:_identify(/home/ubuntu/ros2_ws/src/rwr_system/src/__pycache__) by extensions ['colcon_pkg']
[0.141s] Level 1:colcon.colcon_core.package_identification:_identify(/home/ubuntu/ros2_ws/src/rwr_system/src/__pycache__) by extension 'colcon_pkg'
[0.141s] Level 1:colcon.colcon_core.package_identification:_identify(/home/ubuntu/ros2_ws/src/rwr_system/src/__pycache__) by extensions ['colcon_meta']
[0.141s] Level 1:colcon.colcon_core.package_identification:_identify(/home/ubuntu/ros2_ws/src/rwr_system/src/__pycache__) by extension 'colcon_meta'
[0.141s] Level 1:colcon.colcon_core.package_identification:_identify(/home/ubuntu/ros2_ws/src/rwr_system/src/__pycache__) by extensions ['ros']
[0.141s] Level 1:colcon.colcon_core.package_identification:_identify(/home/ubuntu/ros2_ws/src/rwr_system/src/__pycache__) by extension 'ros'
[0.141s] Level 1:colcon.colcon_core.package_identification:_identify(/home/ubuntu/ros2_ws/src/rwr_system/src/__pycache__) by extensions ['cmake', 'python']
[0.141s] Level 1:colcon.colcon_core.package_identification:_identify(/home/ubuntu/ros2_ws/src/rwr_system/src/__pycache__) by extension 'cmake'
[0.141s] Level 1:colcon.colcon_core.package_identification:_identify(/home/ubuntu/ros2_ws/src/rwr_system/src/__pycache__) by extension 'python'
[0.141s] Level 1:colcon.colcon_core.package_identification:_identify(/home/ubuntu/ros2_ws/src/rwr_system/src/__pycache__) by extensions ['python_setup_py']
[0.141s] Level 1:colcon.colcon_core.package_identification:_identify(/home/ubuntu/ros2_ws/src/rwr_system/src/__pycache__) by extension 'python_setup_py'
[0.141s] Level 1:colcon.colcon_core.package_identification:_identify(/home/ubuntu/ros2_ws/src/rwr_system/src/build) by extensions ['ignore', 'ignore_ament_install']
[0.141s] Level 1:colcon.colcon_core.package_identification:_identify(/home/ubuntu/ros2_ws/src/rwr_system/src/build) by extension 'ignore'
[0.141s] Level 1:colcon.colcon_core.package_identification:_identify(/home/ubuntu/ros2_ws/src/rwr_system/src/build) ignored
[0.141s] Level 1:colcon.colcon_core.package_identification:_identify(/home/ubuntu/ros2_ws/src/rwr_system/src/common) by extensions ['ignore', 'ignore_ament_install']
[0.141s] Level 1:colcon.colcon_core.package_identification:_identify(/home/ubuntu/ros2_ws/src/rwr_system/src/common) by extension 'ignore'
[0.141s] Level 1:colcon.colcon_core.package_identification:_identify(/home/ubuntu/ros2_ws/src/rwr_system/src/common) by extension 'ignore_ament_install'
[0.141s] Level 1:colcon.colcon_core.package_identification:_identify(/home/ubuntu/ros2_ws/src/rwr_system/src/common) by extensions ['colcon_pkg']
[0.141s] Level 1:colcon.colcon_core.package_identification:_identify(/home/ubuntu/ros2_ws/src/rwr_system/src/common) by extension 'colcon_pkg'
[0.141s] Level 1:colcon.colcon_core.package_identification:_identify(/home/ubuntu/ros2_ws/src/rwr_system/src/common) by extensions ['colcon_meta']
[0.141s] Level 1:colcon.colcon_core.package_identification:_identify(/home/ubuntu/ros2_ws/src/rwr_system/src/common) by extension 'colcon_meta'
[0.141s] Level 1:colcon.colcon_core.package_identification:_identify(/home/ubuntu/ros2_ws/src/rwr_system/src/common) by extensions ['ros']
[0.141s] Level 1:colcon.colcon_core.package_identification:_identify(/home/ubuntu/ros2_ws/src/rwr_system/src/common) by extension 'ros'
[0.142s] Level 1:colcon.colcon_core.package_identification:_identify(/home/ubuntu/ros2_ws/src/rwr_system/src/common) by extensions ['cmake', 'python']
[0.142s] Level 1:colcon.colcon_core.package_identification:_identify(/home/ubuntu/ros2_ws/src/rwr_system/src/common) by extension 'cmake'
[0.142s] Level 1:colcon.colcon_core.package_identification:_identify(/home/ubuntu/ros2_ws/src/rwr_system/src/common) by extension 'python'
[0.142s] Level 1:colcon.colcon_core.package_identification:_identify(/home/ubuntu/ros2_ws/src/rwr_system/src/common) by extensions ['python_setup_py']
[0.142s] Level 1:colcon.colcon_core.package_identification:_identify(/home/ubuntu/ros2_ws/src/rwr_system/src/common) by extension 'python_setup_py'
[0.142s] Level 1:colcon.colcon_core.package_identification:_identify(/home/ubuntu/ros2_ws/src/rwr_system/src/common/__pycache__) by extensions ['ignore', 'ignore_ament_install']
[0.142s] Level 1:colcon.colcon_core.package_identification:_identify(/home/ubuntu/ros2_ws/src/rwr_system/src/common/__pycache__) by extension 'ignore'
[0.142s] Level 1:colcon.colcon_core.package_identification:_identify(/home/ubuntu/ros2_ws/src/rwr_system/src/common/__pycache__) by extension 'ignore_ament_install'
[0.142s] Level 1:colcon.colcon_core.package_identification:_identify(/home/ubuntu/ros2_ws/src/rwr_system/src/common/__pycache__) by extensions ['colcon_pkg']
[0.142s] Level 1:colcon.colcon_core.package_identification:_identify(/home/ubuntu/ros2_ws/src/rwr_system/src/common/__pycache__) by extension 'colcon_pkg'
[0.142s] Level 1:colcon.colcon_core.package_identification:_identify(/home/ubuntu/ros2_ws/src/rwr_system/src/common/__pycache__) by extensions ['colcon_meta']
[0.142s] Level 1:colcon.colcon_core.package_identification:_identify(/home/ubuntu/ros2_ws/src/rwr_system/src/common/__pycache__) by extension 'colcon_meta'
[0.142s] Level 1:colcon.colcon_core.package_identification:_identify(/home/ubuntu/ros2_ws/src/rwr_system/src/common/__pycache__) by extensions ['ros']
[0.142s] Level 1:colcon.colcon_core.package_identification:_identify(/home/ubuntu/ros2_ws/src/rwr_system/src/common/__pycache__) by extension 'ros'
[0.142s] Level 1:colcon.colcon_core.package_identification:_identify(/home/ubuntu/ros2_ws/src/rwr_system/src/common/__pycache__) by extensions ['cmake', 'python']
[0.142s] Level 1:colcon.colcon_core.package_identification:_identify(/home/ubuntu/ros2_ws/src/rwr_system/src/common/__pycache__) by extension 'cmake'
[0.142s] Level 1:colcon.colcon_core.package_identification:_identify(/home/ubuntu/ros2_ws/src/rwr_system/src/common/__pycache__) by extension 'python'
[0.142s] Level 1:colcon.colcon_core.package_identification:_identify(/home/ubuntu/ros2_ws/src/rwr_system/src/common/__pycache__) by extensions ['python_setup_py']
[0.142s] Level 1:colcon.colcon_core.package_identification:_identify(/home/ubuntu/ros2_ws/src/rwr_system/src/common/__pycache__) by extension 'python_setup_py'
[0.142s] Level 1:colcon.colcon_core.package_identification:_identify(/home/ubuntu/ros2_ws/src/rwr_system/src/hand_control) by extensions ['ignore', 'ignore_ament_install']
[0.142s] Level 1:colcon.colcon_core.package_identification:_identify(/home/ubuntu/ros2_ws/src/rwr_system/src/hand_control) by extension 'ignore'
[0.142s] Level 1:colcon.colcon_core.package_identification:_identify(/home/ubuntu/ros2_ws/src/rwr_system/src/hand_control) by extension 'ignore_ament_install'
[0.142s] Level 1:colcon.colcon_core.package_identification:_identify(/home/ubuntu/ros2_ws/src/rwr_system/src/hand_control) by extensions ['colcon_pkg']
[0.142s] Level 1:colcon.colcon_core.package_identification:_identify(/home/ubuntu/ros2_ws/src/rwr_system/src/hand_control) by extension 'colcon_pkg'
[0.142s] Level 1:colcon.colcon_core.package_identification:_identify(/home/ubuntu/ros2_ws/src/rwr_system/src/hand_control) by extensions ['colcon_meta']
[0.142s] Level 1:colcon.colcon_core.package_identification:_identify(/home/ubuntu/ros2_ws/src/rwr_system/src/hand_control) by extension 'colcon_meta'
[0.142s] Level 1:colcon.colcon_core.package_identification:_identify(/home/ubuntu/ros2_ws/src/rwr_system/src/hand_control) by extensions ['ros']
[0.142s] Level 1:colcon.colcon_core.package_identification:_identify(/home/ubuntu/ros2_ws/src/rwr_system/src/hand_control) by extension 'ros'
[0.143s] DEBUG:colcon.colcon_core.package_identification:Package '/home/ubuntu/ros2_ws/src/rwr_system/src/hand_control' with type 'ros.ament_cmake' and name 'hand_control'
[0.143s] Level 1:colcon.colcon_core.package_identification:_identify(/home/ubuntu/ros2_ws/src/rwr_system/src/ingress) by extensions ['ignore', 'ignore_ament_install']
[0.143s] Level 1:colcon.colcon_core.package_identification:_identify(/home/ubuntu/ros2_ws/src/rwr_system/src/ingress) by extension 'ignore'
[0.143s] Level 1:colcon.colcon_core.package_identification:_identify(/home/ubuntu/ros2_ws/src/rwr_system/src/ingress) by extension 'ignore_ament_install'
[0.143s] Level 1:colcon.colcon_core.package_identification:_identify(/home/ubuntu/ros2_ws/src/rwr_system/src/ingress) by extensions ['colcon_pkg']
[0.143s] Level 1:colcon.colcon_core.package_identification:_identify(/home/ubuntu/ros2_ws/src/rwr_system/src/ingress) by extension 'colcon_pkg'
[0.143s] Level 1:colcon.colcon_core.package_identification:_identify(/home/ubuntu/ros2_ws/src/rwr_system/src/ingress) by extensions ['colcon_meta']
[0.143s] Level 1:colcon.colcon_core.package_identification:_identify(/home/ubuntu/ros2_ws/src/rwr_system/src/ingress) by extension 'colcon_meta'
[0.143s] Level 1:colcon.colcon_core.package_identification:_identify(/home/ubuntu/ros2_ws/src/rwr_system/src/ingress) by extensions ['ros']
[0.143s] Level 1:colcon.colcon_core.package_identification:_identify(/home/ubuntu/ros2_ws/src/rwr_system/src/ingress) by extension 'ros'
[0.144s] DEBUG:colcon.colcon_core.package_identification:Package '/home/ubuntu/ros2_ws/src/rwr_system/src/ingress' with type 'ros.ament_cmake' and name 'ingress'
[0.144s] Level 1:colcon.colcon_core.package_identification:_identify(/home/ubuntu/ros2_ws/src/rwr_system/src/install) by extensions ['ignore', 'ignore_ament_install']
[0.144s] Level 1:colcon.colcon_core.package_identification:_identify(/home/ubuntu/ros2_ws/src/rwr_system/src/install) by extension 'ignore'
[0.144s] Level 1:colcon.colcon_core.package_identification:_identify(/home/ubuntu/ros2_ws/src/rwr_system/src/install) ignored
[0.144s] Level 1:colcon.colcon_core.package_identification:_identify(/home/ubuntu/ros2_ws/src/rwr_system/src/log) by extensions ['ignore', 'ignore_ament_install']
[0.144s] Level 1:colcon.colcon_core.package_identification:_identify(/home/ubuntu/ros2_ws/src/rwr_system/src/log) by extension 'ignore'
[0.144s] Level 1:colcon.colcon_core.package_identification:_identify(/home/ubuntu/ros2_ws/src/rwr_system/src/log) ignored
[0.144s] Level 1:colcon.colcon_core.package_identification:_identify(/home/ubuntu/ros2_ws/src/rwr_system/src/logger) by extensions ['ignore', 'ignore_ament_install']
[0.144s] Level 1:colcon.colcon_core.package_identification:_identify(/home/ubuntu/ros2_ws/src/rwr_system/src/logger) by extension 'ignore'
[0.144s] Level 1:colcon.colcon_core.package_identification:_identify(/home/ubuntu/ros2_ws/src/rwr_system/src/logger) by extension 'ignore_ament_install'
[0.144s] Level 1:colcon.colcon_core.package_identification:_identify(/home/ubuntu/ros2_ws/src/rwr_system/src/logger) by extensions ['colcon_pkg']
[0.144s] Level 1:colcon.colcon_core.package_identification:_identify(/home/ubuntu/ros2_ws/src/rwr_system/src/logger) by extension 'colcon_pkg'
[0.144s] Level 1:colcon.colcon_core.package_identification:_identify(/home/ubuntu/ros2_ws/src/rwr_system/src/logger) by extensions ['colcon_meta']
[0.144s] Level 1:colcon.colcon_core.package_identification:_identify(/home/ubuntu/ros2_ws/src/rwr_system/src/logger) by extension 'colcon_meta'
[0.144s] Level 1:colcon.colcon_core.package_identification:_identify(/home/ubuntu/ros2_ws/src/rwr_system/src/logger) by extensions ['ros']
[0.144s] Level 1:colcon.colcon_core.package_identification:_identify(/home/ubuntu/ros2_ws/src/rwr_system/src/logger) by extension 'ros'
[0.145s] DEBUG:colcon.colcon_core.package_identification:Package '/home/ubuntu/ros2_ws/src/rwr_system/src/logger' with type 'ros.ament_cmake' and name 'logger'
[0.145s] Level 1:colcon.colcon_core.package_identification:_identify(/home/ubuntu/ros2_ws/src/rwr_system/src/pressure_emulator) by extensions ['ignore', 'ignore_ament_install']
[0.145s] Level 1:colcon.colcon_core.package_identification:_identify(/home/ubuntu/ros2_ws/src/rwr_system/src/pressure_emulator) by extension 'ignore'
[0.145s] Level 1:colcon.colcon_core.package_identification:_identify(/home/ubuntu/ros2_ws/src/rwr_system/src/pressure_emulator) by extension 'ignore_ament_install'
[0.145s] Level 1:colcon.colcon_core.package_identification:_identify(/home/ubuntu/ros2_ws/src/rwr_system/src/pressure_emulator) by extensions ['colcon_pkg']
[0.145s] Level 1:colcon.colcon_core.package_identification:_identify(/home/ubuntu/ros2_ws/src/rwr_system/src/pressure_emulator) by extension 'colcon_pkg'
[0.145s] Level 1:colcon.colcon_core.package_identification:_identify(/home/ubuntu/ros2_ws/src/rwr_system/src/pressure_emulator) by extensions ['colcon_meta']
[0.145s] Level 1:colcon.colcon_core.package_identification:_identify(/home/ubuntu/ros2_ws/src/rwr_system/src/pressure_emulator) by extension 'colcon_meta'
[0.145s] Level 1:colcon.colcon_core.package_identification:_identify(/home/ubuntu/ros2_ws/src/rwr_system/src/pressure_emulator) by extensions ['ros']
[0.145s] Level 1:colcon.colcon_core.package_identification:_identify(/home/ubuntu/ros2_ws/src/rwr_system/src/pressure_emulator) by extension 'ros'
[0.145s] Level 1:colcon.colcon_core.package_identification:_identify(/home/ubuntu/ros2_ws/src/rwr_system/src/pressure_emulator) by extensions ['cmake', 'python']
[0.145s] Level 1:colcon.colcon_core.package_identification:_identify(/home/ubuntu/ros2_ws/src/rwr_system/src/pressure_emulator) by extension 'cmake'
[0.145s] Level 1:colcon.colcon_core.package_identification:_identify(/home/ubuntu/ros2_ws/src/rwr_system/src/pressure_emulator) by extension 'python'
[0.145s] Level 1:colcon.colcon_core.package_identification:_identify(/home/ubuntu/ros2_ws/src/rwr_system/src/pressure_emulator) by extensions ['python_setup_py']
[0.145s] Level 1:colcon.colcon_core.package_identification:_identify(/home/ubuntu/ros2_ws/src/rwr_system/src/pressure_emulator) by extension 'python_setup_py'
[0.145s] Level 1:colcon.colcon_core.package_identification:_identify(/home/ubuntu/ros2_ws/src/rwr_system/src/pressure_sub) by extensions ['ignore', 'ignore_ament_install']
[0.145s] Level 1:colcon.colcon_core.package_identification:_identify(/home/ubuntu/ros2_ws/src/rwr_system/src/pressure_sub) by extension 'ignore'
[0.145s] Level 1:colcon.colcon_core.package_identification:_identify(/home/ubuntu/ros2_ws/src/rwr_system/src/pressure_sub) by extension 'ignore_ament_install'
[0.145s] Level 1:colcon.colcon_core.package_identification:_identify(/home/ubuntu/ros2_ws/src/rwr_system/src/pressure_sub) by extensions ['colcon_pkg']
[0.145s] Level 1:colcon.colcon_core.package_identification:_identify(/home/ubuntu/ros2_ws/src/rwr_system/src/pressure_sub) by extension 'colcon_pkg'
[0.146s] Level 1:colcon.colcon_core.package_identification:_identify(/home/ubuntu/ros2_ws/src/rwr_system/src/pressure_sub) by extensions ['colcon_meta']
[0.146s] Level 1:colcon.colcon_core.package_identification:_identify(/home/ubuntu/ros2_ws/src/rwr_system/src/pressure_sub) by extension 'colcon_meta'
[0.146s] Level 1:colcon.colcon_core.package_identification:_identify(/home/ubuntu/ros2_ws/src/rwr_system/src/pressure_sub) by extensions ['ros']
[0.146s] Level 1:colcon.colcon_core.package_identification:_identify(/home/ubuntu/ros2_ws/src/rwr_system/src/pressure_sub) by extension 'ros'
[0.146s] DEBUG:colcon.colcon_core.package_identification:Package '/home/ubuntu/ros2_ws/src/rwr_system/src/pressure_sub' with type 'ros.ament_python' and name 'pressure_sub'
[0.146s] Level 1:colcon.colcon_core.package_identification:_identify(/home/ubuntu/ros2_ws/src/rwr_system/src/retargeter) by extensions ['ignore', 'ignore_ament_install']
[0.146s] Level 1:colcon.colcon_core.package_identification:_identify(/home/ubuntu/ros2_ws/src/rwr_system/src/retargeter) by extension 'ignore'
[0.146s] Level 1:colcon.colcon_core.package_identification:_identify(/home/ubuntu/ros2_ws/src/rwr_system/src/retargeter) by extension 'ignore_ament_install'
[0.146s] Level 1:colcon.colcon_core.package_identification:_identify(/home/ubuntu/ros2_ws/src/rwr_system/src/retargeter) by extensions ['colcon_pkg']
[0.146s] Level 1:colcon.colcon_core.package_identification:_identify(/home/ubuntu/ros2_ws/src/rwr_system/src/retargeter) by extension 'colcon_pkg'
[0.146s] Level 1:colcon.colcon_core.package_identification:_identify(/home/ubuntu/ros2_ws/src/rwr_system/src/retargeter) by extensions ['colcon_meta']
[0.146s] Level 1:colcon.colcon_core.package_identification:_identify(/home/ubuntu/ros2_ws/src/rwr_system/src/retargeter) by extension 'colcon_meta'
[0.146s] Level 1:colcon.colcon_core.package_identification:_identify(/home/ubuntu/ros2_ws/src/rwr_system/src/retargeter) by extensions ['ros']
[0.146s] Level 1:colcon.colcon_core.package_identification:_identify(/home/ubuntu/ros2_ws/src/rwr_system/src/retargeter) by extension 'ros'
[0.146s] DEBUG:colcon.colcon_core.package_identification:Package '/home/ubuntu/ros2_ws/src/rwr_system/src/retargeter' with type 'ros.ament_cmake' and name 'retargeter'
[0.147s] Level 1:colcon.colcon_core.package_identification:_identify(/home/ubuntu/ros2_ws/src/rwr_system/src/viz) by extensions ['ignore', 'ignore_ament_install']
[0.147s] Level 1:colcon.colcon_core.package_identification:_identify(/home/ubuntu/ros2_ws/src/rwr_system/src/viz) by extension 'ignore'
[0.147s] Level 1:colcon.colcon_core.package_identification:_identify(/home/ubuntu/ros2_ws/src/rwr_system/src/viz) by extension 'ignore_ament_install'
[0.147s] Level 1:colcon.colcon_core.package_identification:_identify(/home/ubuntu/ros2_ws/src/rwr_system/src/viz) by extensions ['colcon_pkg']
[0.147s] Level 1:colcon.colcon_core.package_identification:_identify(/home/ubuntu/ros2_ws/src/rwr_system/src/viz) by extension 'colcon_pkg'
[0.147s] Level 1:colcon.colcon_core.package_identification:_identify(/home/ubuntu/ros2_ws/src/rwr_system/src/viz) by extensions ['colcon_meta']
[0.147s] Level 1:colcon.colcon_core.package_identification:_identify(/home/ubuntu/ros2_ws/src/rwr_system/src/viz) by extension 'colcon_meta'
[0.147s] Level 1:colcon.colcon_core.package_identification:_identify(/home/ubuntu/ros2_ws/src/rwr_system/src/viz) by extensions ['ros']
[0.147s] Level 1:colcon.colcon_core.package_identification:_identify(/home/ubuntu/ros2_ws/src/rwr_system/src/viz) by extension 'ros'
[0.147s] DEBUG:colcon.colcon_core.package_identification:Package '/home/ubuntu/ros2_ws/src/rwr_system/src/viz' with type 'ros.ament_cmake' and name 'viz'
[0.147s] Level 1:colcon.colcon_core.package_discovery:discover_packages(recursive) using defaults
