-- The C compiler identification is GNU 13.3.0
-- The CXX compiler identification is GNU 13.3.0
-- Detecting C compiler ABI info
-- Detecting C compiler ABI info - done
-- Check for working C compiler: /home/ubuntu/miniforge3/envs/ros_env/bin/aarch64-conda-linux-gnu-cc - skipped
-- Detecting C compile features
-- Detecting C compile features - done
-- Detecting CXX compiler ABI info
-- Detecting CXX compiler ABI info - done
-- Check for working CXX compiler: /home/ubuntu/miniforge3/envs/ros_env/bin/aarch64-conda-linux-gnu-c++ - skipped
-- Detecting CXX compile features
-- Detecting CXX compile features - done
-- Found rclpy: 3.3.11 (/home/ubuntu/miniforge3/envs/ros_env/share/rclpy/cmake)
-- Found std_msgs: 4.2.3 (/home/ubuntu/miniforge3/envs/ros_env/share/std_msgs/cmake)
-- Found Python3: /home/ubuntu/miniforge3/envs/ros_env/bin/python3.11 (found version "3.11.8") found components: Interpreter 
[31mCMake Error at /home/ubuntu/miniforge3/envs/ros_env/lib/cmake/fastcdr/fastcdr-dynamic-targets.cmake:80 (message):
  The imported target "fastcdr" references the file

     "/home/ubuntu/miniforge3/envs/ros_env/lib/libfastcdr.so.1.0.24"

  but this file does not exist.  Possible reasons include:

  * The file was deleted, renamed, or moved to another location.

  * An install or uninstall procedure did not complete successfully.

  * The installation package was faulty and contained

     "/home/ubuntu/miniforge3/envs/ros_env/lib/cmake/fastcdr/fastcdr-dynamic-targets.cmake"

  but not all the files it references.

Call Stack (most recent call first):
  /home/ubuntu/miniforge3/envs/ros_env/lib/cmake/fastcdr/fastcdr-config.cmake:52 (include)
  /home/ubuntu/miniforge3/envs/ros_env/share/builtin_interfaces/cmake/ament_cmake_export_dependencies-extras.cmake:21 (find_package)
  /home/ubuntu/miniforge3/envs/ros_env/share/builtin_interfaces/cmake/builtin_interfacesConfig.cmake:41 (include)
  /home/ubuntu/miniforge3/envs/ros_env/share/std_msgs/cmake/ament_cmake_export_dependencies-extras.cmake:21 (find_package)
  /home/ubuntu/miniforge3/envs/ros_env/share/std_msgs/cmake/std_msgsConfig.cmake:41 (include)
  CMakeLists.txt:13 (find_package)

[0m
-- Configuring incomplete, errors occurred!
