[0.066s] Invoking command in '/home/sitong/RWR_ros2_ws/src/rwr_system/build/viz': PS1=(RWR_ros_venv) \[\e]0;\u@\h: \w\a\]${debian_chroot:+($debian_chroot)}\[\033[01;32m\]\u@\h\[\033[00m\]:\[\033[01;34m\]\w\[\033[00m\]\$ VIRTUAL_ENV_PROMPT=(RWR_ros_venv) /usr/bin/cmake /home/sitong/RWR_ros2_ws/src/rwr_system/src/viz -DCMAKE_INSTALL_PREFIX=/home/sitong/RWR_ros2_ws/src/rwr_system/install/viz
[0.135s] -- The C compiler identification is GNU 11.4.0
[0.209s] -- The CXX compiler identification is GNU 11.4.0
[0.219s] -- Detecting C compiler ABI info
[0.316s] -- Detecting C compiler ABI info - done
[0.325s] -- Check for working C compiler: /usr/bin/cc - skipped
[0.325s] -- Detecting C compile features
[0.325s] -- Detecting C compile features - done
[0.328s] -- Detecting CXX compiler ABI info
[0.436s] -- Detecting CXX compiler ABI info - done
[0.443s] -- Check for working CXX compiler: /usr/bin/c++ - skipped
[0.443s] -- Detecting CXX compile features
[0.444s] -- Detecting CXX compile features - done
[0.456s] [31mCMake Error at CMakeLists.txt:9 (find_package):
[0.457s]   By not providing "Findament_cmake.cmake" in CMAKE_MODULE_PATH this project
[0.457s]   has asked CMake to find a package configuration file provided by
[0.457s]   "ament_cmake", but CMake did not find one.
[0.457s] 
[0.457s]   Could not find a package configuration file provided by "ament_cmake" with
[0.457s]   any of the following names:
[0.457s] 
[0.457s]     ament_cmakeConfig.cmake
[0.457s]     ament_cmake-config.cmake
[0.457s] 
[0.457s]   Add the installation prefix of "ament_cmake" to CMAKE_PREFIX_PATH or set
[0.457s]   "ament_cmake_DIR" to a directory containing one of the above files.  If
[0.457s]   "ament_cmake" provides a separate development package or SDK, be sure it
[0.457s]   has been installed.
[0.457s] 
[0.457s] [0m
[0.457s] -- Configuring incomplete, errors occurred!
[0.458s] See also "/home/sitong/RWR_ros2_ws/src/rwr_system/build/viz/CMakeFiles/CMakeOutput.log".
