[0.166s] DEBUG:colcon:Command line arguments: ['/usr/bin/colcon', 'list', '-p', '--base-paths', '/home/sitong/RWR_ros2_ws/src/rwr_system']
[0.166s] DEBUG:colcon:Parsed command line arguments: Namespace(log_base=None, log_level=None, verb_name='list', build_base='build', ignore_user_meta=False, metas=['./colcon.meta'], base_paths=['/home/sitong/RWR_ros2_ws/src/rwr_system'], packages_ignore=None, packages_ignore_regex=None, paths=None, packages_up_to=None, packages_up_to_regex=None, packages_above=None, packages_above_and_dependencies=None, packages_above_depth=None, packages_select_by_dep=None, packages_skip_by_dep=None, packages_skip_up_to=None, packages_select_build_failed=False, packages_skip_build_finished=False, packages_select_test_failures=False, packages_skip_test_passed=False, packages_select=None, packages_skip=None, packages_select_regex=None, packages_skip_regex=None, packages_start=None, packages_end=None, allow_overriding=[], topological_order=False, names_only=False, paths_only=True, topological_graph=False, topological_graph_dot=False, topological_graph_density=False, topological_graph_legend=False, topological_graph_dot_cluster=False, topological_graph_dot_include_skipped=False, verb_parser=<colcon_defaults.argument_parser.defaults.DefaultArgumentsDecorator object at 0x7e33c8a3c7f0>, verb_extension=<colcon_package_information.verb.list.ListVerb object at 0x7e33c8b31600>, main=<bound method ListVerb.main of <colcon_package_information.verb.list.ListVerb object at 0x7e33c8b31600>>)
[0.431s] Level 1:colcon.colcon_core.package_discovery:discover_packages(colcon_meta) check parameters
[0.431s] Level 1:colcon.colcon_core.package_discovery:discover_packages(recursive) check parameters
[0.431s] Level 1:colcon.colcon_core.package_discovery:discover_packages(ignore) check parameters
[0.431s] Level 1:colcon.colcon_core.package_discovery:discover_packages(path) check parameters
[0.431s] Level 1:colcon.colcon_core.package_discovery:discover_packages(recursive) discover
[0.431s] INFO:colcon.colcon_core.package_discovery:Crawling recursively for packages in '/home/sitong/RWR_ros2_ws/src/rwr_system'
[0.431s] Level 1:colcon.colcon_core.package_identification:_identify(/home/sitong/RWR_ros2_ws/src/rwr_system) by extensions ['ignore', 'ignore_ament_install']
[0.431s] Level 1:colcon.colcon_core.package_identification:_identify(/home/sitong/RWR_ros2_ws/src/rwr_system) by extension 'ignore'
[0.431s] Level 1:colcon.colcon_core.package_identification:_identify(/home/sitong/RWR_ros2_ws/src/rwr_system) by extension 'ignore_ament_install'
[0.431s] Level 1:colcon.colcon_core.package_identification:_identify(/home/sitong/RWR_ros2_ws/src/rwr_system) by extensions ['colcon_pkg']
[0.432s] Level 1:colcon.colcon_core.package_identification:_identify(/home/sitong/RWR_ros2_ws/src/rwr_system) by extension 'colcon_pkg'
[0.432s] Level 1:colcon.colcon_core.package_identification:_identify(/home/sitong/RWR_ros2_ws/src/rwr_system) by extensions ['colcon_meta']
[0.432s] Level 1:colcon.colcon_core.package_identification:_identify(/home/sitong/RWR_ros2_ws/src/rwr_system) by extension 'colcon_meta'
[0.432s] Level 1:colcon.colcon_core.package_identification:_identify(/home/sitong/RWR_ros2_ws/src/rwr_system) by extensions ['ros']
[0.432s] Level 1:colcon.colcon_core.package_identification:_identify(/home/sitong/RWR_ros2_ws/src/rwr_system) by extension 'ros'
[0.444s] Level 1:colcon.colcon_core.package_identification:_identify(/home/sitong/RWR_ros2_ws/src/rwr_system) by extensions ['cmake', 'python']
[0.444s] Level 1:colcon.colcon_core.package_identification:_identify(/home/sitong/RWR_ros2_ws/src/rwr_system) by extension 'cmake'
[0.444s] Level 1:colcon.colcon_core.package_identification:_identify(/home/sitong/RWR_ros2_ws/src/rwr_system) by extension 'python'
[0.444s] Level 1:colcon.colcon_core.package_identification:_identify(/home/sitong/RWR_ros2_ws/src/rwr_system) by extensions ['python_setup_py']
[0.444s] Level 1:colcon.colcon_core.package_identification:_identify(/home/sitong/RWR_ros2_ws/src/rwr_system) by extension 'python_setup_py'
[0.444s] Level 1:colcon.colcon_core.package_identification:_identify(/home/sitong/RWR_ros2_ws/src/rwr_system/ESPCode) by extensions ['ignore', 'ignore_ament_install']
[0.444s] Level 1:colcon.colcon_core.package_identification:_identify(/home/sitong/RWR_ros2_ws/src/rwr_system/ESPCode) by extension 'ignore'
[0.444s] Level 1:colcon.colcon_core.package_identification:_identify(/home/sitong/RWR_ros2_ws/src/rwr_system/ESPCode) by extension 'ignore_ament_install'
[0.444s] Level 1:colcon.colcon_core.package_identification:_identify(/home/sitong/RWR_ros2_ws/src/rwr_system/ESPCode) by extensions ['colcon_pkg']
[0.444s] Level 1:colcon.colcon_core.package_identification:_identify(/home/sitong/RWR_ros2_ws/src/rwr_system/ESPCode) by extension 'colcon_pkg'
[0.444s] Level 1:colcon.colcon_core.package_identification:_identify(/home/sitong/RWR_ros2_ws/src/rwr_system/ESPCode) by extensions ['colcon_meta']
[0.445s] Level 1:colcon.colcon_core.package_identification:_identify(/home/sitong/RWR_ros2_ws/src/rwr_system/ESPCode) by extension 'colcon_meta'
[0.445s] Level 1:colcon.colcon_core.package_identification:_identify(/home/sitong/RWR_ros2_ws/src/rwr_system/ESPCode) by extensions ['ros']
[0.445s] Level 1:colcon.colcon_core.package_identification:_identify(/home/sitong/RWR_ros2_ws/src/rwr_system/ESPCode) by extension 'ros'
[0.445s] Level 1:colcon.colcon_core.package_identification:_identify(/home/sitong/RWR_ros2_ws/src/rwr_system/ESPCode) by extensions ['cmake', 'python']
[0.445s] Level 1:colcon.colcon_core.package_identification:_identify(/home/sitong/RWR_ros2_ws/src/rwr_system/ESPCode) by extension 'cmake'
[0.445s] Level 1:colcon.colcon_core.package_identification:_identify(/home/sitong/RWR_ros2_ws/src/rwr_system/ESPCode) by extension 'python'
[0.445s] Level 1:colcon.colcon_core.package_identification:_identify(/home/sitong/RWR_ros2_ws/src/rwr_system/ESPCode) by extensions ['python_setup_py']
[0.445s] Level 1:colcon.colcon_core.package_identification:_identify(/home/sitong/RWR_ros2_ws/src/rwr_system/ESPCode) by extension 'python_setup_py'
[0.445s] Level 1:colcon.colcon_core.package_identification:_identify(/home/sitong/RWR_ros2_ws/src/rwr_system/ESPCode/include) by extensions ['ignore', 'ignore_ament_install']
[0.445s] Level 1:colcon.colcon_core.package_identification:_identify(/home/sitong/RWR_ros2_ws/src/rwr_system/ESPCode/include) by extension 'ignore'
[0.445s] Level 1:colcon.colcon_core.package_identification:_identify(/home/sitong/RWR_ros2_ws/src/rwr_system/ESPCode/include) by extension 'ignore_ament_install'
[0.445s] Level 1:colcon.colcon_core.package_identification:_identify(/home/sitong/RWR_ros2_ws/src/rwr_system/ESPCode/include) by extensions ['colcon_pkg']
[0.445s] Level 1:colcon.colcon_core.package_identification:_identify(/home/sitong/RWR_ros2_ws/src/rwr_system/ESPCode/include) by extension 'colcon_pkg'
[0.445s] Level 1:colcon.colcon_core.package_identification:_identify(/home/sitong/RWR_ros2_ws/src/rwr_system/ESPCode/include) by extensions ['colcon_meta']
[0.445s] Level 1:colcon.colcon_core.package_identification:_identify(/home/sitong/RWR_ros2_ws/src/rwr_system/ESPCode/include) by extension 'colcon_meta'
[0.445s] Level 1:colcon.colcon_core.package_identification:_identify(/home/sitong/RWR_ros2_ws/src/rwr_system/ESPCode/include) by extensions ['ros']
[0.446s] Level 1:colcon.colcon_core.package_identification:_identify(/home/sitong/RWR_ros2_ws/src/rwr_system/ESPCode/include) by extension 'ros'
[0.446s] Level 1:colcon.colcon_core.package_identification:_identify(/home/sitong/RWR_ros2_ws/src/rwr_system/ESPCode/include) by extensions ['cmake', 'python']
[0.446s] Level 1:colcon.colcon_core.package_identification:_identify(/home/sitong/RWR_ros2_ws/src/rwr_system/ESPCode/include) by extension 'cmake'
[0.446s] Level 1:colcon.colcon_core.package_identification:_identify(/home/sitong/RWR_ros2_ws/src/rwr_system/ESPCode/include) by extension 'python'
[0.446s] Level 1:colcon.colcon_core.package_identification:_identify(/home/sitong/RWR_ros2_ws/src/rwr_system/ESPCode/include) by extensions ['python_setup_py']
[0.446s] Level 1:colcon.colcon_core.package_identification:_identify(/home/sitong/RWR_ros2_ws/src/rwr_system/ESPCode/include) by extension 'python_setup_py'
[0.446s] Level 1:colcon.colcon_core.package_identification:_identify(/home/sitong/RWR_ros2_ws/src/rwr_system/ESPCode/lib) by extensions ['ignore', 'ignore_ament_install']
[0.446s] Level 1:colcon.colcon_core.package_identification:_identify(/home/sitong/RWR_ros2_ws/src/rwr_system/ESPCode/lib) by extension 'ignore'
[0.446s] Level 1:colcon.colcon_core.package_identification:_identify(/home/sitong/RWR_ros2_ws/src/rwr_system/ESPCode/lib) by extension 'ignore_ament_install'
[0.446s] Level 1:colcon.colcon_core.package_identification:_identify(/home/sitong/RWR_ros2_ws/src/rwr_system/ESPCode/lib) by extensions ['colcon_pkg']
[0.446s] Level 1:colcon.colcon_core.package_identification:_identify(/home/sitong/RWR_ros2_ws/src/rwr_system/ESPCode/lib) by extension 'colcon_pkg'
[0.446s] Level 1:colcon.colcon_core.package_identification:_identify(/home/sitong/RWR_ros2_ws/src/rwr_system/ESPCode/lib) by extensions ['colcon_meta']
[0.446s] Level 1:colcon.colcon_core.package_identification:_identify(/home/sitong/RWR_ros2_ws/src/rwr_system/ESPCode/lib) by extension 'colcon_meta'
[0.446s] Level 1:colcon.colcon_core.package_identification:_identify(/home/sitong/RWR_ros2_ws/src/rwr_system/ESPCode/lib) by extensions ['ros']
[0.446s] Level 1:colcon.colcon_core.package_identification:_identify(/home/sitong/RWR_ros2_ws/src/rwr_system/ESPCode/lib) by extension 'ros'
[0.446s] Level 1:colcon.colcon_core.package_identification:_identify(/home/sitong/RWR_ros2_ws/src/rwr_system/ESPCode/lib) by extensions ['cmake', 'python']
[0.446s] Level 1:colcon.colcon_core.package_identification:_identify(/home/sitong/RWR_ros2_ws/src/rwr_system/ESPCode/lib) by extension 'cmake'
[0.446s] Level 1:colcon.colcon_core.package_identification:_identify(/home/sitong/RWR_ros2_ws/src/rwr_system/ESPCode/lib) by extension 'python'
[0.446s] Level 1:colcon.colcon_core.package_identification:_identify(/home/sitong/RWR_ros2_ws/src/rwr_system/ESPCode/lib) by extensions ['python_setup_py']
[0.446s] Level 1:colcon.colcon_core.package_identification:_identify(/home/sitong/RWR_ros2_ws/src/rwr_system/ESPCode/lib) by extension 'python_setup_py'
[0.447s] Level 1:colcon.colcon_core.package_identification:_identify(/home/sitong/RWR_ros2_ws/src/rwr_system/ESPCode/src) by extensions ['ignore', 'ignore_ament_install']
[0.447s] Level 1:colcon.colcon_core.package_identification:_identify(/home/sitong/RWR_ros2_ws/src/rwr_system/ESPCode/src) by extension 'ignore'
[0.447s] Level 1:colcon.colcon_core.package_identification:_identify(/home/sitong/RWR_ros2_ws/src/rwr_system/ESPCode/src) by extension 'ignore_ament_install'
[0.447s] Level 1:colcon.colcon_core.package_identification:_identify(/home/sitong/RWR_ros2_ws/src/rwr_system/ESPCode/src) by extensions ['colcon_pkg']
[0.447s] Level 1:colcon.colcon_core.package_identification:_identify(/home/sitong/RWR_ros2_ws/src/rwr_system/ESPCode/src) by extension 'colcon_pkg'
[0.447s] Level 1:colcon.colcon_core.package_identification:_identify(/home/sitong/RWR_ros2_ws/src/rwr_system/ESPCode/src) by extensions ['colcon_meta']
[0.447s] Level 1:colcon.colcon_core.package_identification:_identify(/home/sitong/RWR_ros2_ws/src/rwr_system/ESPCode/src) by extension 'colcon_meta'
[0.447s] Level 1:colcon.colcon_core.package_identification:_identify(/home/sitong/RWR_ros2_ws/src/rwr_system/ESPCode/src) by extensions ['ros']
[0.447s] Level 1:colcon.colcon_core.package_identification:_identify(/home/sitong/RWR_ros2_ws/src/rwr_system/ESPCode/src) by extension 'ros'
[0.447s] Level 1:colcon.colcon_core.package_identification:_identify(/home/sitong/RWR_ros2_ws/src/rwr_system/ESPCode/src) by extensions ['cmake', 'python']
[0.447s] Level 1:colcon.colcon_core.package_identification:_identify(/home/sitong/RWR_ros2_ws/src/rwr_system/ESPCode/src) by extension 'cmake'
[0.447s] Level 1:colcon.colcon_core.package_identification:_identify(/home/sitong/RWR_ros2_ws/src/rwr_system/ESPCode/src) by extension 'python'
[0.447s] Level 1:colcon.colcon_core.package_identification:_identify(/home/sitong/RWR_ros2_ws/src/rwr_system/ESPCode/src) by extensions ['python_setup_py']
[0.447s] Level 1:colcon.colcon_core.package_identification:_identify(/home/sitong/RWR_ros2_ws/src/rwr_system/ESPCode/src) by extension 'python_setup_py'
[0.447s] Level 1:colcon.colcon_core.package_identification:_identify(/home/sitong/RWR_ros2_ws/src/rwr_system/ESPCode/test) by extensions ['ignore', 'ignore_ament_install']
[0.447s] Level 1:colcon.colcon_core.package_identification:_identify(/home/sitong/RWR_ros2_ws/src/rwr_system/ESPCode/test) by extension 'ignore'
[0.447s] Level 1:colcon.colcon_core.package_identification:_identify(/home/sitong/RWR_ros2_ws/src/rwr_system/ESPCode/test) by extension 'ignore_ament_install'
[0.447s] Level 1:colcon.colcon_core.package_identification:_identify(/home/sitong/RWR_ros2_ws/src/rwr_system/ESPCode/test) by extensions ['colcon_pkg']
[0.448s] Level 1:colcon.colcon_core.package_identification:_identify(/home/sitong/RWR_ros2_ws/src/rwr_system/ESPCode/test) by extension 'colcon_pkg'
[0.448s] Level 1:colcon.colcon_core.package_identification:_identify(/home/sitong/RWR_ros2_ws/src/rwr_system/ESPCode/test) by extensions ['colcon_meta']
[0.448s] Level 1:colcon.colcon_core.package_identification:_identify(/home/sitong/RWR_ros2_ws/src/rwr_system/ESPCode/test) by extension 'colcon_meta'
[0.448s] Level 1:colcon.colcon_core.package_identification:_identify(/home/sitong/RWR_ros2_ws/src/rwr_system/ESPCode/test) by extensions ['ros']
[0.448s] Level 1:colcon.colcon_core.package_identification:_identify(/home/sitong/RWR_ros2_ws/src/rwr_system/ESPCode/test) by extension 'ros'
[0.448s] Level 1:colcon.colcon_core.package_identification:_identify(/home/sitong/RWR_ros2_ws/src/rwr_system/ESPCode/test) by extensions ['cmake', 'python']
[0.448s] Level 1:colcon.colcon_core.package_identification:_identify(/home/sitong/RWR_ros2_ws/src/rwr_system/ESPCode/test) by extension 'cmake'
[0.448s] Level 1:colcon.colcon_core.package_identification:_identify(/home/sitong/RWR_ros2_ws/src/rwr_system/ESPCode/test) by extension 'python'
[0.448s] Level 1:colcon.colcon_core.package_identification:_identify(/home/sitong/RWR_ros2_ws/src/rwr_system/ESPCode/test) by extensions ['python_setup_py']
[0.448s] Level 1:colcon.colcon_core.package_identification:_identify(/home/sitong/RWR_ros2_ws/src/rwr_system/ESPCode/test) by extension 'python_setup_py'
[0.448s] Level 1:colcon.colcon_core.package_identification:_identify(/home/sitong/RWR_ros2_ws/src/rwr_system/__pycache__) by extensions ['ignore', 'ignore_ament_install']
[0.448s] Level 1:colcon.colcon_core.package_identification:_identify(/home/sitong/RWR_ros2_ws/src/rwr_system/__pycache__) by extension 'ignore'
[0.448s] Level 1:colcon.colcon_core.package_identification:_identify(/home/sitong/RWR_ros2_ws/src/rwr_system/__pycache__) by extension 'ignore_ament_install'
[0.448s] Level 1:colcon.colcon_core.package_identification:_identify(/home/sitong/RWR_ros2_ws/src/rwr_system/__pycache__) by extensions ['colcon_pkg']
[0.448s] Level 1:colcon.colcon_core.package_identification:_identify(/home/sitong/RWR_ros2_ws/src/rwr_system/__pycache__) by extension 'colcon_pkg'
[0.448s] Level 1:colcon.colcon_core.package_identification:_identify(/home/sitong/RWR_ros2_ws/src/rwr_system/__pycache__) by extensions ['colcon_meta']
[0.448s] Level 1:colcon.colcon_core.package_identification:_identify(/home/sitong/RWR_ros2_ws/src/rwr_system/__pycache__) by extension 'colcon_meta'
[0.448s] Level 1:colcon.colcon_core.package_identification:_identify(/home/sitong/RWR_ros2_ws/src/rwr_system/__pycache__) by extensions ['ros']
[0.448s] Level 1:colcon.colcon_core.package_identification:_identify(/home/sitong/RWR_ros2_ws/src/rwr_system/__pycache__) by extension 'ros'
[0.448s] Level 1:colcon.colcon_core.package_identification:_identify(/home/sitong/RWR_ros2_ws/src/rwr_system/__pycache__) by extensions ['cmake', 'python']
[0.448s] Level 1:colcon.colcon_core.package_identification:_identify(/home/sitong/RWR_ros2_ws/src/rwr_system/__pycache__) by extension 'cmake'
[0.449s] Level 1:colcon.colcon_core.package_identification:_identify(/home/sitong/RWR_ros2_ws/src/rwr_system/__pycache__) by extension 'python'
[0.449s] Level 1:colcon.colcon_core.package_identification:_identify(/home/sitong/RWR_ros2_ws/src/rwr_system/__pycache__) by extensions ['python_setup_py']
[0.449s] Level 1:colcon.colcon_core.package_identification:_identify(/home/sitong/RWR_ros2_ws/src/rwr_system/__pycache__) by extension 'python_setup_py'
[0.449s] Level 1:colcon.colcon_core.package_identification:_identify(/home/sitong/RWR_ros2_ws/src/rwr_system/experiments) by extensions ['ignore', 'ignore_ament_install']
[0.449s] Level 1:colcon.colcon_core.package_identification:_identify(/home/sitong/RWR_ros2_ws/src/rwr_system/experiments) by extension 'ignore'
[0.449s] Level 1:colcon.colcon_core.package_identification:_identify(/home/sitong/RWR_ros2_ws/src/rwr_system/experiments) by extension 'ignore_ament_install'
[0.449s] Level 1:colcon.colcon_core.package_identification:_identify(/home/sitong/RWR_ros2_ws/src/rwr_system/experiments) by extensions ['colcon_pkg']
[0.449s] Level 1:colcon.colcon_core.package_identification:_identify(/home/sitong/RWR_ros2_ws/src/rwr_system/experiments) by extension 'colcon_pkg'
[0.449s] Level 1:colcon.colcon_core.package_identification:_identify(/home/sitong/RWR_ros2_ws/src/rwr_system/experiments) by extensions ['colcon_meta']
[0.449s] Level 1:colcon.colcon_core.package_identification:_identify(/home/sitong/RWR_ros2_ws/src/rwr_system/experiments) by extension 'colcon_meta'
[0.449s] Level 1:colcon.colcon_core.package_identification:_identify(/home/sitong/RWR_ros2_ws/src/rwr_system/experiments) by extensions ['ros']
[0.449s] Level 1:colcon.colcon_core.package_identification:_identify(/home/sitong/RWR_ros2_ws/src/rwr_system/experiments) by extension 'ros'
[0.452s] DEBUG:colcon.colcon_core.package_identification:Package '/home/sitong/RWR_ros2_ws/src/rwr_system/experiments' with type 'ros.ament_cmake' and name 'experiments'
[0.452s] Level 1:colcon.colcon_core.package_identification:_identify(/home/sitong/RWR_ros2_ws/src/rwr_system/log) by extensions ['ignore', 'ignore_ament_install']
[0.452s] Level 1:colcon.colcon_core.package_identification:_identify(/home/sitong/RWR_ros2_ws/src/rwr_system/log) by extension 'ignore'
[0.452s] Level 1:colcon.colcon_core.package_identification:_identify(/home/sitong/RWR_ros2_ws/src/rwr_system/log) ignored
[0.452s] Level 1:colcon.colcon_core.package_identification:_identify(/home/sitong/RWR_ros2_ws/src/rwr_system/src) by extensions ['ignore', 'ignore_ament_install']
[0.452s] Level 1:colcon.colcon_core.package_identification:_identify(/home/sitong/RWR_ros2_ws/src/rwr_system/src) by extension 'ignore'
[0.453s] Level 1:colcon.colcon_core.package_identification:_identify(/home/sitong/RWR_ros2_ws/src/rwr_system/src) by extension 'ignore_ament_install'
[0.453s] Level 1:colcon.colcon_core.package_identification:_identify(/home/sitong/RWR_ros2_ws/src/rwr_system/src) by extensions ['colcon_pkg']
[0.453s] Level 1:colcon.colcon_core.package_identification:_identify(/home/sitong/RWR_ros2_ws/src/rwr_system/src) by extension 'colcon_pkg'
[0.453s] Level 1:colcon.colcon_core.package_identification:_identify(/home/sitong/RWR_ros2_ws/src/rwr_system/src) by extensions ['colcon_meta']
[0.453s] Level 1:colcon.colcon_core.package_identification:_identify(/home/sitong/RWR_ros2_ws/src/rwr_system/src) by extension 'colcon_meta'
[0.453s] Level 1:colcon.colcon_core.package_identification:_identify(/home/sitong/RWR_ros2_ws/src/rwr_system/src) by extensions ['ros']
[0.453s] Level 1:colcon.colcon_core.package_identification:_identify(/home/sitong/RWR_ros2_ws/src/rwr_system/src) by extension 'ros'
[0.453s] Level 1:colcon.colcon_core.package_identification:_identify(/home/sitong/RWR_ros2_ws/src/rwr_system/src) by extensions ['cmake', 'python']
[0.453s] Level 1:colcon.colcon_core.package_identification:_identify(/home/sitong/RWR_ros2_ws/src/rwr_system/src) by extension 'cmake'
[0.453s] Level 1:colcon.colcon_core.package_identification:_identify(/home/sitong/RWR_ros2_ws/src/rwr_system/src) by extension 'python'
[0.453s] Level 1:colcon.colcon_core.package_identification:_identify(/home/sitong/RWR_ros2_ws/src/rwr_system/src) by extensions ['python_setup_py']
[0.453s] Level 1:colcon.colcon_core.package_identification:_identify(/home/sitong/RWR_ros2_ws/src/rwr_system/src) by extension 'python_setup_py'
[0.453s] Level 1:colcon.colcon_core.package_identification:_identify(/home/sitong/RWR_ros2_ws/src/rwr_system/src/__pycache__) by extensions ['ignore', 'ignore_ament_install']
[0.453s] Level 1:colcon.colcon_core.package_identification:_identify(/home/sitong/RWR_ros2_ws/src/rwr_system/src/__pycache__) by extension 'ignore'
[0.453s] Level 1:colcon.colcon_core.package_identification:_identify(/home/sitong/RWR_ros2_ws/src/rwr_system/src/__pycache__) by extension 'ignore_ament_install'
[0.453s] Level 1:colcon.colcon_core.package_identification:_identify(/home/sitong/RWR_ros2_ws/src/rwr_system/src/__pycache__) by extensions ['colcon_pkg']
[0.453s] Level 1:colcon.colcon_core.package_identification:_identify(/home/sitong/RWR_ros2_ws/src/rwr_system/src/__pycache__) by extension 'colcon_pkg'
[0.453s] Level 1:colcon.colcon_core.package_identification:_identify(/home/sitong/RWR_ros2_ws/src/rwr_system/src/__pycache__) by extensions ['colcon_meta']
[0.454s] Level 1:colcon.colcon_core.package_identification:_identify(/home/sitong/RWR_ros2_ws/src/rwr_system/src/__pycache__) by extension 'colcon_meta'
[0.454s] Level 1:colcon.colcon_core.package_identification:_identify(/home/sitong/RWR_ros2_ws/src/rwr_system/src/__pycache__) by extensions ['ros']
[0.454s] Level 1:colcon.colcon_core.package_identification:_identify(/home/sitong/RWR_ros2_ws/src/rwr_system/src/__pycache__) by extension 'ros'
[0.454s] Level 1:colcon.colcon_core.package_identification:_identify(/home/sitong/RWR_ros2_ws/src/rwr_system/src/__pycache__) by extensions ['cmake', 'python']
[0.454s] Level 1:colcon.colcon_core.package_identification:_identify(/home/sitong/RWR_ros2_ws/src/rwr_system/src/__pycache__) by extension 'cmake'
[0.454s] Level 1:colcon.colcon_core.package_identification:_identify(/home/sitong/RWR_ros2_ws/src/rwr_system/src/__pycache__) by extension 'python'
[0.454s] Level 1:colcon.colcon_core.package_identification:_identify(/home/sitong/RWR_ros2_ws/src/rwr_system/src/__pycache__) by extensions ['python_setup_py']
[0.454s] Level 1:colcon.colcon_core.package_identification:_identify(/home/sitong/RWR_ros2_ws/src/rwr_system/src/__pycache__) by extension 'python_setup_py'
[0.454s] Level 1:colcon.colcon_core.package_identification:_identify(/home/sitong/RWR_ros2_ws/src/rwr_system/src/common) by extensions ['ignore', 'ignore_ament_install']
[0.454s] Level 1:colcon.colcon_core.package_identification:_identify(/home/sitong/RWR_ros2_ws/src/rwr_system/src/common) by extension 'ignore'
[0.454s] Level 1:colcon.colcon_core.package_identification:_identify(/home/sitong/RWR_ros2_ws/src/rwr_system/src/common) by extension 'ignore_ament_install'
[0.454s] Level 1:colcon.colcon_core.package_identification:_identify(/home/sitong/RWR_ros2_ws/src/rwr_system/src/common) by extensions ['colcon_pkg']
[0.454s] Level 1:colcon.colcon_core.package_identification:_identify(/home/sitong/RWR_ros2_ws/src/rwr_system/src/common) by extension 'colcon_pkg'
[0.454s] Level 1:colcon.colcon_core.package_identification:_identify(/home/sitong/RWR_ros2_ws/src/rwr_system/src/common) by extensions ['colcon_meta']
[0.454s] Level 1:colcon.colcon_core.package_identification:_identify(/home/sitong/RWR_ros2_ws/src/rwr_system/src/common) by extension 'colcon_meta'
[0.454s] Level 1:colcon.colcon_core.package_identification:_identify(/home/sitong/RWR_ros2_ws/src/rwr_system/src/common) by extensions ['ros']
[0.454s] Level 1:colcon.colcon_core.package_identification:_identify(/home/sitong/RWR_ros2_ws/src/rwr_system/src/common) by extension 'ros'
[0.454s] Level 1:colcon.colcon_core.package_identification:_identify(/home/sitong/RWR_ros2_ws/src/rwr_system/src/common) by extensions ['cmake', 'python']
[0.454s] Level 1:colcon.colcon_core.package_identification:_identify(/home/sitong/RWR_ros2_ws/src/rwr_system/src/common) by extension 'cmake'
[0.455s] Level 1:colcon.colcon_core.package_identification:_identify(/home/sitong/RWR_ros2_ws/src/rwr_system/src/common) by extension 'python'
[0.455s] Level 1:colcon.colcon_core.package_identification:_identify(/home/sitong/RWR_ros2_ws/src/rwr_system/src/common) by extensions ['python_setup_py']
[0.455s] Level 1:colcon.colcon_core.package_identification:_identify(/home/sitong/RWR_ros2_ws/src/rwr_system/src/common) by extension 'python_setup_py'
[0.455s] Level 1:colcon.colcon_core.package_identification:_identify(/home/sitong/RWR_ros2_ws/src/rwr_system/src/common/__pycache__) by extensions ['ignore', 'ignore_ament_install']
[0.455s] Level 1:colcon.colcon_core.package_identification:_identify(/home/sitong/RWR_ros2_ws/src/rwr_system/src/common/__pycache__) by extension 'ignore'
[0.455s] Level 1:colcon.colcon_core.package_identification:_identify(/home/sitong/RWR_ros2_ws/src/rwr_system/src/common/__pycache__) by extension 'ignore_ament_install'
[0.455s] Level 1:colcon.colcon_core.package_identification:_identify(/home/sitong/RWR_ros2_ws/src/rwr_system/src/common/__pycache__) by extensions ['colcon_pkg']
[0.455s] Level 1:colcon.colcon_core.package_identification:_identify(/home/sitong/RWR_ros2_ws/src/rwr_system/src/common/__pycache__) by extension 'colcon_pkg'
[0.455s] Level 1:colcon.colcon_core.package_identification:_identify(/home/sitong/RWR_ros2_ws/src/rwr_system/src/common/__pycache__) by extensions ['colcon_meta']
[0.455s] Level 1:colcon.colcon_core.package_identification:_identify(/home/sitong/RWR_ros2_ws/src/rwr_system/src/common/__pycache__) by extension 'colcon_meta'
[0.455s] Level 1:colcon.colcon_core.package_identification:_identify(/home/sitong/RWR_ros2_ws/src/rwr_system/src/common/__pycache__) by extensions ['ros']
[0.455s] Level 1:colcon.colcon_core.package_identification:_identify(/home/sitong/RWR_ros2_ws/src/rwr_system/src/common/__pycache__) by extension 'ros'
[0.455s] Level 1:colcon.colcon_core.package_identification:_identify(/home/sitong/RWR_ros2_ws/src/rwr_system/src/common/__pycache__) by extensions ['cmake', 'python']
[0.455s] Level 1:colcon.colcon_core.package_identification:_identify(/home/sitong/RWR_ros2_ws/src/rwr_system/src/common/__pycache__) by extension 'cmake'
[0.455s] Level 1:colcon.colcon_core.package_identification:_identify(/home/sitong/RWR_ros2_ws/src/rwr_system/src/common/__pycache__) by extension 'python'
[0.455s] Level 1:colcon.colcon_core.package_identification:_identify(/home/sitong/RWR_ros2_ws/src/rwr_system/src/common/__pycache__) by extensions ['python_setup_py']
[0.455s] Level 1:colcon.colcon_core.package_identification:_identify(/home/sitong/RWR_ros2_ws/src/rwr_system/src/common/__pycache__) by extension 'python_setup_py'
[0.455s] Level 1:colcon.colcon_core.package_identification:_identify(/home/sitong/RWR_ros2_ws/src/rwr_system/src/hand_control) by extensions ['ignore', 'ignore_ament_install']
[0.455s] Level 1:colcon.colcon_core.package_identification:_identify(/home/sitong/RWR_ros2_ws/src/rwr_system/src/hand_control) by extension 'ignore'
[0.456s] Level 1:colcon.colcon_core.package_identification:_identify(/home/sitong/RWR_ros2_ws/src/rwr_system/src/hand_control) by extension 'ignore_ament_install'
[0.456s] Level 1:colcon.colcon_core.package_identification:_identify(/home/sitong/RWR_ros2_ws/src/rwr_system/src/hand_control) by extensions ['colcon_pkg']
[0.456s] Level 1:colcon.colcon_core.package_identification:_identify(/home/sitong/RWR_ros2_ws/src/rwr_system/src/hand_control) by extension 'colcon_pkg'
[0.456s] Level 1:colcon.colcon_core.package_identification:_identify(/home/sitong/RWR_ros2_ws/src/rwr_system/src/hand_control) by extensions ['colcon_meta']
[0.456s] Level 1:colcon.colcon_core.package_identification:_identify(/home/sitong/RWR_ros2_ws/src/rwr_system/src/hand_control) by extension 'colcon_meta'
[0.456s] Level 1:colcon.colcon_core.package_identification:_identify(/home/sitong/RWR_ros2_ws/src/rwr_system/src/hand_control) by extensions ['ros']
[0.456s] Level 1:colcon.colcon_core.package_identification:_identify(/home/sitong/RWR_ros2_ws/src/rwr_system/src/hand_control) by extension 'ros'
[0.457s] DEBUG:colcon.colcon_core.package_identification:Package '/home/sitong/RWR_ros2_ws/src/rwr_system/src/hand_control' with type 'ros.ament_cmake' and name 'hand_control'
[0.457s] Level 1:colcon.colcon_core.package_identification:_identify(/home/sitong/RWR_ros2_ws/src/rwr_system/src/ingress) by extensions ['ignore', 'ignore_ament_install']
[0.457s] Level 1:colcon.colcon_core.package_identification:_identify(/home/sitong/RWR_ros2_ws/src/rwr_system/src/ingress) by extension 'ignore'
[0.457s] Level 1:colcon.colcon_core.package_identification:_identify(/home/sitong/RWR_ros2_ws/src/rwr_system/src/ingress) by extension 'ignore_ament_install'
[0.457s] Level 1:colcon.colcon_core.package_identification:_identify(/home/sitong/RWR_ros2_ws/src/rwr_system/src/ingress) by extensions ['colcon_pkg']
[0.457s] Level 1:colcon.colcon_core.package_identification:_identify(/home/sitong/RWR_ros2_ws/src/rwr_system/src/ingress) by extension 'colcon_pkg'
[0.457s] Level 1:colcon.colcon_core.package_identification:_identify(/home/sitong/RWR_ros2_ws/src/rwr_system/src/ingress) by extensions ['colcon_meta']
[0.457s] Level 1:colcon.colcon_core.package_identification:_identify(/home/sitong/RWR_ros2_ws/src/rwr_system/src/ingress) by extension 'colcon_meta'
[0.457s] Level 1:colcon.colcon_core.package_identification:_identify(/home/sitong/RWR_ros2_ws/src/rwr_system/src/ingress) by extensions ['ros']
[0.457s] Level 1:colcon.colcon_core.package_identification:_identify(/home/sitong/RWR_ros2_ws/src/rwr_system/src/ingress) by extension 'ros'
[0.458s] DEBUG:colcon.colcon_core.package_identification:Package '/home/sitong/RWR_ros2_ws/src/rwr_system/src/ingress' with type 'ros.ament_cmake' and name 'ingress'
[0.458s] Level 1:colcon.colcon_core.package_identification:_identify(/home/sitong/RWR_ros2_ws/src/rwr_system/src/logger) by extensions ['ignore', 'ignore_ament_install']
[0.459s] Level 1:colcon.colcon_core.package_identification:_identify(/home/sitong/RWR_ros2_ws/src/rwr_system/src/logger) by extension 'ignore'
[0.459s] Level 1:colcon.colcon_core.package_identification:_identify(/home/sitong/RWR_ros2_ws/src/rwr_system/src/logger) by extension 'ignore_ament_install'
[0.459s] Level 1:colcon.colcon_core.package_identification:_identify(/home/sitong/RWR_ros2_ws/src/rwr_system/src/logger) by extensions ['colcon_pkg']
[0.459s] Level 1:colcon.colcon_core.package_identification:_identify(/home/sitong/RWR_ros2_ws/src/rwr_system/src/logger) by extension 'colcon_pkg'
[0.459s] Level 1:colcon.colcon_core.package_identification:_identify(/home/sitong/RWR_ros2_ws/src/rwr_system/src/logger) by extensions ['colcon_meta']
[0.459s] Level 1:colcon.colcon_core.package_identification:_identify(/home/sitong/RWR_ros2_ws/src/rwr_system/src/logger) by extension 'colcon_meta'
[0.459s] Level 1:colcon.colcon_core.package_identification:_identify(/home/sitong/RWR_ros2_ws/src/rwr_system/src/logger) by extensions ['ros']
[0.459s] Level 1:colcon.colcon_core.package_identification:_identify(/home/sitong/RWR_ros2_ws/src/rwr_system/src/logger) by extension 'ros'
[0.459s] DEBUG:colcon.colcon_core.package_identification:Package '/home/sitong/RWR_ros2_ws/src/rwr_system/src/logger' with type 'ros.ament_cmake' and name 'logger'
[0.460s] Level 1:colcon.colcon_core.package_identification:_identify(/home/sitong/RWR_ros2_ws/src/rwr_system/src/retargeter) by extensions ['ignore', 'ignore_ament_install']
[0.460s] Level 1:colcon.colcon_core.package_identification:_identify(/home/sitong/RWR_ros2_ws/src/rwr_system/src/retargeter) by extension 'ignore'
[0.460s] Level 1:colcon.colcon_core.package_identification:_identify(/home/sitong/RWR_ros2_ws/src/rwr_system/src/retargeter) by extension 'ignore_ament_install'
[0.460s] Level 1:colcon.colcon_core.package_identification:_identify(/home/sitong/RWR_ros2_ws/src/rwr_system/src/retargeter) by extensions ['colcon_pkg']
[0.460s] Level 1:colcon.colcon_core.package_identification:_identify(/home/sitong/RWR_ros2_ws/src/rwr_system/src/retargeter) by extension 'colcon_pkg'
[0.460s] Level 1:colcon.colcon_core.package_identification:_identify(/home/sitong/RWR_ros2_ws/src/rwr_system/src/retargeter) by extensions ['colcon_meta']
[0.460s] Level 1:colcon.colcon_core.package_identification:_identify(/home/sitong/RWR_ros2_ws/src/rwr_system/src/retargeter) by extension 'colcon_meta'
[0.460s] Level 1:colcon.colcon_core.package_identification:_identify(/home/sitong/RWR_ros2_ws/src/rwr_system/src/retargeter) by extensions ['ros']
[0.460s] Level 1:colcon.colcon_core.package_identification:_identify(/home/sitong/RWR_ros2_ws/src/rwr_system/src/retargeter) by extension 'ros'
[0.461s] DEBUG:colcon.colcon_core.package_identification:Package '/home/sitong/RWR_ros2_ws/src/rwr_system/src/retargeter' with type 'ros.ament_cmake' and name 'retargeter'
[0.461s] Level 1:colcon.colcon_core.package_identification:_identify(/home/sitong/RWR_ros2_ws/src/rwr_system/src/viz) by extensions ['ignore', 'ignore_ament_install']
[0.461s] Level 1:colcon.colcon_core.package_identification:_identify(/home/sitong/RWR_ros2_ws/src/rwr_system/src/viz) by extension 'ignore'
[0.461s] Level 1:colcon.colcon_core.package_identification:_identify(/home/sitong/RWR_ros2_ws/src/rwr_system/src/viz) by extension 'ignore_ament_install'
[0.461s] Level 1:colcon.colcon_core.package_identification:_identify(/home/sitong/RWR_ros2_ws/src/rwr_system/src/viz) by extensions ['colcon_pkg']
[0.461s] Level 1:colcon.colcon_core.package_identification:_identify(/home/sitong/RWR_ros2_ws/src/rwr_system/src/viz) by extension 'colcon_pkg'
[0.461s] Level 1:colcon.colcon_core.package_identification:_identify(/home/sitong/RWR_ros2_ws/src/rwr_system/src/viz) by extensions ['colcon_meta']
[0.461s] Level 1:colcon.colcon_core.package_identification:_identify(/home/sitong/RWR_ros2_ws/src/rwr_system/src/viz) by extension 'colcon_meta'
[0.461s] Level 1:colcon.colcon_core.package_identification:_identify(/home/sitong/RWR_ros2_ws/src/rwr_system/src/viz) by extensions ['ros']
[0.461s] Level 1:colcon.colcon_core.package_identification:_identify(/home/sitong/RWR_ros2_ws/src/rwr_system/src/viz) by extension 'ros'
[0.462s] DEBUG:colcon.colcon_core.package_identification:Package '/home/sitong/RWR_ros2_ws/src/rwr_system/src/viz' with type 'ros.ament_cmake' and name 'viz'
[0.462s] Level 1:colcon.colcon_core.package_discovery:discover_packages(recursive) using defaults
