[0.016s] Invoking command in '/home/sitong/RWR_ros2_ws/src/rwr_system/build/ingress': PS1=(RWR_ros_venv) \[\e]0;\u@\h: \w\a\]${debian_chroot:+($debian_chroot)}\[\033[01;32m\]\u@\h\[\033[00m\]:\[\033[01;34m\]\w\[\033[00m\]\$ VIRTUAL_ENV_PROMPT=(RWR_ros_venv) /usr/bin/cmake /home/sitong/RWR_ros2_ws/src/rwr_system/src/ingress -DCMAKE_INSTALL_PREFIX=/home/sitong/RWR_ros2_ws/src/rwr_system/install/ingress
[0.185s] -- Configuring incomplete, errors occurred!
[0.185s] See also "/home/sitong/RWR_ros2_ws/src/rwr_system/build/ingress/CMakeFiles/CMakeOutput.log".
[0.185s] [31mCMake Error at CMakeLists.txt:12 (find_package):
[0.185s]   By not providing "Findrclpy.cmake" in CMAKE_MODULE_PATH this project has
[0.186s]   asked CMake to find a package configuration file provided by "rclpy", but
[0.186s]   CMake did not find one.
[0.186s] 
[0.186s]   Could not find a package configuration file provided by "rclpy" with any of
[0.187s]   the following names:
[0.188s] 
[0.188s]     rclpyConfig.cmake
[0.189s]     rclpy-config.cmake
[0.189s] 
[0.189s]   Add the installation prefix of "rclpy" to CMAKE_PREFIX_PATH or set
[0.189s]   "rclpy_DIR" to a directory containing one of the above files.  If "rclpy"
[0.190s]   provides a separate development package or SDK, be sure it has been
[0.190s]   installed.
[0.190s] 
[0.191s] [0m
[0.196s] Invoked command in '/home/sitong/RWR_ros2_ws/src/rwr_system/build/ingress' returned '1': PS1=(RWR_ros_venv) \[\e]0;\u@\h: \w\a\]${debian_chroot:+($debian_chroot)}\[\033[01;32m\]\u@\h\[\033[00m\]:\[\033[01;34m\]\w\[\033[00m\]\$ VIRTUAL_ENV_PROMPT=(RWR_ros_venv) /usr/bin/cmake /home/sitong/RWR_ros2_ws/src/rwr_system/src/ingress -DCMAKE_INSTALL_PREFIX=/home/sitong/RWR_ros2_ws/src/rwr_system/install/ingress
