[0.019s] Invoking command in '/home/sitong/RWR_ros2_ws/src/rwr_system/build/logger': /usr/bin/cmake /home/sitong/RWR_ros2_ws/src/rwr_system/src/logger -DCMAKE_INSTALL_PREFIX=/home/sitong/RWR_ros2_ws/src/rwr_system/install/logger
[0.087s] -- The C compiler identification is GNU 11.4.0
[0.153s] -- The CXX compiler identification is GNU 11.4.0
[0.161s] -- Detecting C compiler ABI info
[0.240s] -- Detecting C compiler ABI info - done
[0.247s] -- Check for working C compiler: /usr/bin/cc - skipped
[0.248s] -- Detecting C compile features
[0.248s] -- Detecting C compile features - done
[0.252s] -- Detecting CXX compiler ABI info
[0.343s] -- Detecting CXX compiler ABI info - done
[0.351s] -- Check for working CXX compiler: /usr/bin/c++ - skipped
[0.351s] -- Detecting CXX compile features
[0.352s] -- Detecting CXX compile features - done
[0.364s] [31mCMake Error at CMakeLists.txt:12 (find_package):
[0.364s]   By not providing "Findrclpy.cmake" in CMAKE_MODULE_PATH this project has
[0.364s]   asked CMake to find a package configuration file provided by "rclpy", but
[0.364s]   CMake did not find one.
[0.364s] 
[0.364s]   Could not find a package configuration file provided by "rclpy" with any of
[0.364s]   the following names:
[0.364s] 
[0.365s]     rclpyConfig.cmake
[0.365s]     rclpy-config.cmake
[0.365s] 
[0.365s]   Add the installation prefix of "rclpy" to CMAKE_PREFIX_PATH or set
[0.365s]   "rclpy_DIR" to a directory containing one of the above files.  If "rclpy"
[0.365s]   provides a separate development package or SDK, be sure it has been
[0.365s]   installed.
[0.365s] 
[0.365s] [0m
[0.365s] -- Configuring incomplete, errors occurred!
[0.366s] See also "/home/sitong/RWR_ros2_ws/src/rwr_system/build/logger/CMakeFiles/CMakeOutput.log".
[0.378s] Invoked command in '/home/sitong/RWR_ros2_ws/src/rwr_system/build/logger' returned '1': /usr/bin/cmake /home/sitong/RWR_ros2_ws/src/rwr_system/src/logger -DCMAKE_INSTALL_PREFIX=/home/sitong/RWR_ros2_ws/src/rwr_system/install/logger
