[0.024s] Invoking command in '/home/sitong/RWR_ros2_ws/src/rwr_system/build/viz': /usr/bin/cmake /home/sitong/RWR_ros2_ws/src/rwr_system/src/viz -DCMAKE_INSTALL_PREFIX=/home/sitong/RWR_ros2_ws/src/rwr_system/install/viz
[0.092s] -- The C compiler identification is GNU 11.4.0
[0.159s] -- The CXX compiler identification is GNU 11.4.0
[0.168s] -- Detecting C compiler ABI info
[0.248s] -- Detecting C compiler ABI info - done
[0.256s] -- Check for working C compiler: /usr/bin/cc - skipped
[0.256s] -- Detecting C compile features
[0.256s] -- Detecting C compile features - done
[0.260s] -- Detecting CXX compiler ABI info
[0.354s] -- Detecting CXX compiler ABI info - done
[0.373s] -- Check for working CXX compiler: /usr/bin/c++ - skipped
[0.374s] -- Detecting CXX compile features
[0.374s] -- Detecting CXX compile features - done
[0.377s] [31mCMake Error at CMakeLists.txt:9 (find_package):
[0.377s]   By not providing "Findament_cmake.cmake" in CMAKE_MODULE_PATH this project
[0.377s]   has asked CMake to find a package configuration file provided by
[0.377s]   "ament_cmake", but CMake did not find one.
[0.377s] 
[0.377s]   Could not find a package configuration file provided by "ament_cmake" with
[0.377s]   any of the following names:
[0.377s] 
[0.378s]     ament_cmakeConfig.cmake
[0.379s]     ament_cmake-config.cmake
[0.379s] 
[0.379s]   Add the installation prefix of "ament_cmake" to CMAKE_PREFIX_PATH or set
[0.379s]   "ament_cmake_DIR" to a directory containing one of the above files.  If
[0.379s]   "ament_cmake" provides a separate development package or SDK, be sure it
[0.379s]   has been installed.
[0.379s] 
[0.379s] [0m
[0.379s] -- Configuring incomplete, errors occurred!
[0.379s] See also "/home/sitong/RWR_ros2_ws/src/rwr_system/build/viz/CMakeFiles/CMakeOutput.log".
[0.382s] Invoked command in '/home/sitong/RWR_ros2_ws/src/rwr_system/build/viz' returned '1': /usr/bin/cmake /home/sitong/RWR_ros2_ws/src/rwr_system/src/viz -DCMAKE_INSTALL_PREFIX=/home/sitong/RWR_ros2_ws/src/rwr_system/install/viz
