[0.034s] Invoking command in '/home/sitong/RWR_ros2_ws/src/rwr_system/build/experiments': CMAKE_PREFIX_PATH=/opt/ros/humble PS1=(RWR_ros_venv) \[\e]0;\u@\h: \w\a\]${debian_chroot:+($debian_chroot)}\[\033[01;32m\]\u@\h\[\033[00m\]:\[\033[01;34m\]\w\[\033[00m\]\$ VIRTUAL_ENV_PROMPT=(RWR_ros_venv) /usr/bin/cmake /home/sitong/RWR_ros2_ws/src/rwr_system/experiments -DCMAKE_INSTALL_PREFIX=/home/sitong/RWR_ros2_ws/src/rwr_system/install/experiments
[0.252s] -- Found ament_cmake: 1.3.11 (/opt/ros/humble/share/ament_cmake/cmake)
[0.252s] -- Found Python3: /home/sitong/Virtual_environments/RWR_ros_venv/bin/python3 (found version "3.10.12") found components: Interpreter 
[0.286s] -- Found ament_lint_auto: 0.12.12 (/opt/ros/humble/share/ament_lint_auto/cmake)
[0.372s] -- Added test 'flake8' to check Python code syntax and style conventions
[0.373s] -- Added test 'lint_cmake' to check CMake code style
[0.373s] -- Added test 'pep257' to check Python code against some of the docstring style conventions in PEP 257
[0.375s] -- Added test 'xmllint' to check XML markup files
[0.376s] -- Configuring done
[0.380s] -- Generating done
[0.381s] -- Build files have been written to: /home/sitong/RWR_ros2_ws/src/rwr_system/build/experiments
[0.384s] Invoked command in '/home/sitong/RWR_ros2_ws/src/rwr_system/build/experiments' returned '0': CMAKE_PREFIX_PATH=/opt/ros/humble PS1=(RWR_ros_venv) \[\e]0;\u@\h: \w\a\]${debian_chroot:+($debian_chroot)}\[\033[01;32m\]\u@\h\[\033[00m\]:\[\033[01;34m\]\w\[\033[00m\]\$ VIRTUAL_ENV_PROMPT=(RWR_ros_venv) /usr/bin/cmake /home/sitong/RWR_ros2_ws/src/rwr_system/experiments -DCMAKE_INSTALL_PREFIX=/home/sitong/RWR_ros2_ws/src/rwr_system/install/experiments
[0.386s] Invoking command in '/home/sitong/RWR_ros2_ws/src/rwr_system/build/experiments': CMAKE_PREFIX_PATH=/opt/ros/humble PS1=(RWR_ros_venv) \[\e]0;\u@\h: \w\a\]${debian_chroot:+($debian_chroot)}\[\033[01;32m\]\u@\h\[\033[00m\]:\[\033[01;34m\]\w\[\033[00m\]\$ VIRTUAL_ENV_PROMPT=(RWR_ros_venv) /usr/bin/cmake --build /home/sitong/RWR_ros2_ws/src/rwr_system/build/experiments -- -j16 -l16
[0.441s] Invoked command in '/home/sitong/RWR_ros2_ws/src/rwr_system/build/experiments' returned '0': CMAKE_PREFIX_PATH=/opt/ros/humble PS1=(RWR_ros_venv) \[\e]0;\u@\h: \w\a\]${debian_chroot:+($debian_chroot)}\[\033[01;32m\]\u@\h\[\033[00m\]:\[\033[01;34m\]\w\[\033[00m\]\$ VIRTUAL_ENV_PROMPT=(RWR_ros_venv) /usr/bin/cmake --build /home/sitong/RWR_ros2_ws/src/rwr_system/build/experiments -- -j16 -l16
[0.482s] Invoking command in '/home/sitong/RWR_ros2_ws/src/rwr_system/build/experiments': CMAKE_PREFIX_PATH=/opt/ros/humble PS1=(RWR_ros_venv) \[\e]0;\u@\h: \w\a\]${debian_chroot:+($debian_chroot)}\[\033[01;32m\]\u@\h\[\033[00m\]:\[\033[01;34m\]\w\[\033[00m\]\$ VIRTUAL_ENV_PROMPT=(RWR_ros_venv) /usr/bin/cmake --install /home/sitong/RWR_ros2_ws/src/rwr_system/build/experiments
[0.493s] -- Install configuration: ""
[0.493s] -- Installing: /home/sitong/RWR_ros2_ws/src/rwr_system/install/experiments/lib/experiments/run_teleop_rokoko.py
[0.493s] -- Installing: /home/sitong/RWR_ros2_ws/src/rwr_system/install/experiments/lib/experiments/grasp_gui.py
[0.494s] -- Installing: /home/sitong/RWR_ros2_ws/src/rwr_system/install/experiments/lib/experiments/model_inference_node.py
[0.494s] -- Installing: /home/sitong/RWR_ros2_ws/src/rwr_system/install/experiments/share/experiments/launch
[0.494s] -- Installing: /home/sitong/RWR_ros2_ws/src/rwr_system/install/experiments/share/experiments/launch/record_demonstration.launch.py
[0.494s] -- Installing: /home/sitong/RWR_ros2_ws/src/rwr_system/install/experiments/share/experiments/launch/run_policy_inference.launch.py
[0.494s] -- Installing: /home/sitong/RWR_ros2_ws/src/rwr_system/install/experiments/share/experiments/launch/run_teleop_rokoko.launch.py
[0.494s] -- Installing: /home/sitong/RWR_ros2_ws/src/rwr_system/install/experiments/share/experiments/launch/retargeting_rviz_titans.launch.py
[0.495s] -- Installing: /home/sitong/RWR_ros2_ws/src/rwr_system/install/experiments/share/experiments/launch/retargeting_rviz.launch.py
[0.495s] -- Installing: /home/sitong/RWR_ros2_ws/src/rwr_system/install/experiments/share/experiments/launch/hand_controller_and_oakd.launch.py
[0.495s] -- Installing: /home/sitong/RWR_ros2_ws/src/rwr_system/install/experiments/share/experiments/launch/record_demonstration_titans.launch.py
[0.495s] -- Installing: /home/sitong/RWR_ros2_ws/src/rwr_system/install/experiments/share/experiments/cfgs
[0.495s] -- Installing: /home/sitong/RWR_ros2_ws/src/rwr_system/install/experiments/share/experiments/cfgs/retargeter_cfgs_titans.yaml
[0.496s] -- Installing: /home/sitong/RWR_ros2_ws/src/rwr_system/install/experiments/share/experiments/cfgs/retargeter_adjustment_titans.yaml
[0.496s] -- Installing: /home/sitong/RWR_ros2_ws/src/rwr_system/install/experiments/share/experiments/cfgs/retargeter_adjustment copy.yaml
[0.497s] -- Installing: /home/sitong/RWR_ros2_ws/src/rwr_system/install/experiments/share/experiments/cfgs/retargeter_cfgs_p4.yaml
[0.497s] -- Installing: /home/sitong/RWR_ros2_ws/src/rwr_system/install/experiments/share/ament_index/resource_index/package_run_dependencies/experiments
[0.497s] -- Installing: /home/sitong/RWR_ros2_ws/src/rwr_system/install/experiments/share/ament_index/resource_index/parent_prefix_path/experiments
[0.497s] -- Installing: /home/sitong/RWR_ros2_ws/src/rwr_system/install/experiments/share/experiments/environment/ament_prefix_path.sh
[0.498s] -- Installing: /home/sitong/RWR_ros2_ws/src/rwr_system/install/experiments/share/experiments/environment/ament_prefix_path.dsv
[0.498s] -- Installing: /home/sitong/RWR_ros2_ws/src/rwr_system/install/experiments/share/experiments/environment/path.sh
[0.498s] -- Installing: /home/sitong/RWR_ros2_ws/src/rwr_system/install/experiments/share/experiments/environment/path.dsv
[0.498s] -- Installing: /home/sitong/RWR_ros2_ws/src/rwr_system/install/experiments/share/experiments/local_setup.bash
[0.498s] -- Installing: /home/sitong/RWR_ros2_ws/src/rwr_system/install/experiments/share/experiments/local_setup.sh
[0.498s] -- Installing: /home/sitong/RWR_ros2_ws/src/rwr_system/install/experiments/share/experiments/local_setup.zsh
[0.499s] -- Installing: /home/sitong/RWR_ros2_ws/src/rwr_system/install/experiments/share/experiments/local_setup.dsv
[0.499s] -- Installing: /home/sitong/RWR_ros2_ws/src/rwr_system/install/experiments/share/experiments/package.dsv
[0.499s] -- Installing: /home/sitong/RWR_ros2_ws/src/rwr_system/install/experiments/share/ament_index/resource_index/packages/experiments
[0.500s] -- Installing: /home/sitong/RWR_ros2_ws/src/rwr_system/install/experiments/share/experiments/cmake/experimentsConfig.cmake
[0.500s] -- Installing: /home/sitong/RWR_ros2_ws/src/rwr_system/install/experiments/share/experiments/cmake/experimentsConfig-version.cmake
[0.500s] -- Installing: /home/sitong/RWR_ros2_ws/src/rwr_system/install/experiments/share/experiments/package.xml
[0.504s] Invoked command in '/home/sitong/RWR_ros2_ws/src/rwr_system/build/experiments' returned '0': CMAKE_PREFIX_PATH=/opt/ros/humble PS1=(RWR_ros_venv) \[\e]0;\u@\h: \w\a\]${debian_chroot:+($debian_chroot)}\[\033[01;32m\]\u@\h\[\033[00m\]:\[\033[01;34m\]\w\[\033[00m\]\$ VIRTUAL_ENV_PROMPT=(RWR_ros_venv) /usr/bin/cmake --install /home/sitong/RWR_ros2_ws/src/rwr_system/build/experiments
